{"/home/travis/build/npmtest/node-npmtest-satellizer/test.js":{"path":"/home/travis/build/npmtest/node-npmtest-satellizer/test.js","s":{"1":2,"2":2,"3":2,"4":2,"5":2,"6":2,"7":2,"8":1,"9":2,"10":2,"11":1,"12":1,"13":1,"14":1,"15":2,"16":2,"17":2,"18":2,"19":1,"20":1,"21":2,"22":2,"23":2,"24":1,"25":1,"26":1,"27":1,"28":1,"29":1,"30":1,"31":1,"32":1,"33":1,"34":1,"35":1,"36":1,"37":1,"38":1,"39":2,"40":2,"41":1,"42":2,"43":2,"44":1,"45":2,"46":2,"47":1,"48":2,"49":2,"50":1,"51":1,"52":1,"53":1,"54":1},"b":{"1":[2,1,1,1],"2":[1,1,1,1],"3":[1,1],"4":[1,1],"5":[1,1],"6":[1,1],"7":[1,1],"8":[1,1],"9":[1,1],"10":[1,1,1],"11":[1,1],"12":[1,1],"13":[1,1],"14":[1,1],"15":[1,1],"16":[1,1],"17":[1,1]},"f":{"1":2,"2":2,"3":2,"4":2,"5":2,"6":1,"7":1,"8":1,"9":2,"10":2,"11":2,"12":2,"13":1},"fnMap":{"1":{"name":"(anonymous_1)","line":12,"loc":{"start":{"line":12,"column":1},"end":{"line":12,"column":13}}},"2":{"name":"(anonymous_2)","line":19,"loc":{"start":{"line":19,"column":5},"end":{"line":19,"column":17}}},"3":{"name":"(anonymous_3)","line":23,"loc":{"start":{"line":23,"column":24},"end":{"line":23,"column":36}}},"4":{"name":"(anonymous_4)","line":61,"loc":{"start":{"line":61,"column":5},"end":{"line":61,"column":17}}},"5":{"name":"(anonymous_5)","line":82,"loc":{"start":{"line":82,"column":5},"end":{"line":82,"column":17}}},"6":{"name":"(anonymous_6)","line":91,"loc":{"start":{"line":91,"column":77},"end":{"line":94,"column":10}}},"7":{"name":"(anonymous_7)","line":112,"loc":{"start":{"line":112,"column":83},"end":{"line":115,"column":10}},"skip":true},"8":{"name":"(anonymous_8)","line":123,"loc":{"start":{"line":123,"column":77},"end":{"line":126,"column":10}},"skip":true},"9":{"name":"(anonymous_9)","line":139,"loc":{"start":{"line":139,"column":12},"end":{"line":139,"column":40}},"skip":true},"10":{"name":"(anonymous_10)","line":147,"loc":{"start":{"line":147,"column":77},"end":{"line":150,"column":10}},"skip":true},"11":{"name":"(anonymous_11)","line":158,"loc":{"start":{"line":158,"column":83},"end":{"line":161,"column":10}},"skip":true},"12":{"name":"(anonymous_12)","line":169,"loc":{"start":{"line":169,"column":79},"end":{"line":172,"column":10}},"skip":true},"13":{"name":"(anonymous_13)","line":180,"loc":{"start":{"line":180,"column":75},"end":{"line":183,"column":10}},"skip":true}},"statementMap":{"1":{"start":{"line":12,"column":0},"end":{"line":195,"column":5}},"2":{"start":{"line":14,"column":4},"end":{"line":14,"column":14}},"3":{"start":{"line":19,"column":4},"end":{"line":56,"column":9}},"4":{"start":{"line":21,"column":8},"end":{"line":21,"column":19}},"5":{"start":{"line":23,"column":8},"end":{"line":35,"column":13}},"6":{"start":{"line":24,"column":12},"end":{"line":34,"column":13}},"7":{"start":{"line":25,"column":16},"end":{"line":28,"column":30}},"8":{"start":{"line":30,"column":16},"end":{"line":33,"column":27}},"9":{"start":{"line":37,"column":8},"end":{"line":39,"column":21}},"10":{"start":{"line":40,"column":8},"end":{"line":53,"column":9}},"11":{"start":{"line":43,"column":12},"end":{"line":46,"column":14}},"12":{"start":{"line":47,"column":12},"end":{"line":47,"column":18}},"13":{"start":{"line":50,"column":12},"end":{"line":51,"column":46}},"14":{"start":{"line":52,"column":12},"end":{"line":52,"column":18}},"15":{"start":{"line":55,"column":8},"end":{"line":55,"column":35}},"16":{"start":{"line":61,"column":4},"end":{"line":63,"column":9}},"17":{"start":{"line":62,"column":8},"end":{"line":62,"column":15}},"18":{"start":{"line":64,"column":4},"end":{"line":77,"column":5}},"19":{"start":{"line":70,"column":8},"end":{"line":70,"column":14}},"20":{"start":{"line":76,"column":8},"end":{"line":76,"column":14}},"21":{"start":{"line":82,"column":4},"end":{"line":84,"column":9}},"22":{"start":{"line":83,"column":8},"end":{"line":83,"column":15}},"23":{"start":{"line":85,"column":4},"end":{"line":194,"column":5}},"24":{"start":{"line":91,"column":8},"end":{"line":99,"column":10}},"25":{"start":{"line":98,"column":12},"end":{"line":98,"column":35}},"26":{"start":{"line":102,"column":8},"end":{"line":104,"column":63}},"27":{"start":{"line":105,"column":8},"end":{"line":105,"column":14}},"28":{"start":{"line":112,"column":8},"end":{"line":121,"column":10},"skip":true},"29":{"start":{"line":119,"column":12},"end":{"line":119,"column":55},"skip":true},"30":{"start":{"line":120,"column":12},"end":{"line":120,"column":48},"skip":true},"31":{"start":{"line":123,"column":8},"end":{"line":136,"column":10},"skip":true},"32":{"start":{"line":130,"column":12},"end":{"line":130,"column":76},"skip":true},"33":{"start":{"line":131,"column":12},"end":{"line":131,"column":73},"skip":true},"34":{"start":{"line":132,"column":12},"end":{"line":132,"column":74},"skip":true},"35":{"start":{"line":133,"column":12},"end":{"line":133,"column":79},"skip":true},"36":{"start":{"line":134,"column":12},"end":{"line":134,"column":25},"skip":true},"37":{"start":{"line":135,"column":12},"end":{"line":135,"column":45},"skip":true},"38":{"start":{"line":138,"column":8},"end":{"line":145,"column":14},"skip":true},"39":{"start":{"line":143,"column":16},"end":{"line":143,"column":29},"skip":true},"40":{"start":{"line":144,"column":16},"end":{"line":144,"column":55},"skip":true},"41":{"start":{"line":147,"column":8},"end":{"line":156,"column":10},"skip":true},"42":{"start":{"line":154,"column":12},"end":{"line":154,"column":25},"skip":true},"43":{"start":{"line":155,"column":12},"end":{"line":155,"column":45},"skip":true},"44":{"start":{"line":158,"column":8},"end":{"line":167,"column":10},"skip":true},"45":{"start":{"line":165,"column":12},"end":{"line":165,"column":25},"skip":true},"46":{"start":{"line":166,"column":12},"end":{"line":166,"column":48},"skip":true},"47":{"start":{"line":169,"column":8},"end":{"line":178,"column":10},"skip":true},"48":{"start":{"line":176,"column":12},"end":{"line":176,"column":25},"skip":true},"49":{"start":{"line":177,"column":12},"end":{"line":177,"column":46},"skip":true},"50":{"start":{"line":180,"column":8},"end":{"line":189,"column":10},"skip":true},"51":{"start":{"line":187,"column":12},"end":{"line":187,"column":94},"skip":true},"52":{"start":{"line":188,"column":12},"end":{"line":188,"column":48},"skip":true},"53":{"start":{"line":192,"column":8},"end":{"line":192,"column":35},"skip":true},"54":{"start":{"line":193,"column":8},"end":{"line":193,"column":14},"skip":true}},"branchMap":{"1":{"line":25,"type":"binary-expr","locations":[{"start":{"line":25,"column":23},"end":{"line":25,"column":62}},{"start":{"line":26,"column":20},"end":{"line":26,"column":70}},{"start":{"line":27,"column":20},"end":{"line":27,"column":71}},{"start":{"line":28,"column":20},"end":{"line":28,"column":29}}]},"2":{"line":30,"type":"binary-expr","locations":[{"start":{"line":30,"column":23},"end":{"line":30,"column":37}},{"start":{"line":31,"column":20},"end":{"line":31,"column":61}},{"start":{"line":32,"column":20},"end":{"line":32,"column":70}},{"start":{"line":33,"column":20},"end":{"line":33,"column":26}}]},"3":{"line":37,"type":"cond-expr","locations":[{"start":{"line":38,"column":14},"end":{"line":38,"column":20}},{"start":{"line":39,"column":14},"end":{"line":39,"column":20}}]},"4":{"line":40,"type":"switch","locations":[{"start":{"line":42,"column":8},"end":{"line":47,"column":18}},{"start":{"line":49,"column":8},"end":{"line":52,"column":18}}]},"5":{"line":44,"type":"binary-expr","locations":[{"start":{"line":44,"column":16},"end":{"line":44,"column":44}},{"start":{"line":44,"column":48},"end":{"line":44,"column":66}}]},"6":{"line":50,"type":"binary-expr","locations":[{"start":{"line":50,"column":21},"end":{"line":50,"column":49}},{"start":{"line":50,"column":53},"end":{"line":50,"column":72}}]},"7":{"line":64,"type":"switch","locations":[{"start":{"line":69,"column":4},"end":{"line":70,"column":14}},{"start":{"line":75,"column":4},"end":{"line":76,"column":14}}]},"8":{"line":85,"type":"switch","locations":[{"start":{"line":90,"column":4},"end":{"line":105,"column":14}},{"start":{"line":111,"column":4},"end":{"line":193,"column":14},"skip":true}]},"9":{"line":91,"type":"binary-expr","locations":[{"start":{"line":91,"column":42},"end":{"line":91,"column":73}},{"start":{"line":91,"column":77},"end":{"line":99,"column":9}}]},"10":{"line":102,"type":"binary-expr","locations":[{"start":{"line":102,"column":18},"end":{"line":102,"column":32}},{"start":{"line":103,"column":12},"end":{"line":103,"column":53}},{"start":{"line":104,"column":12},"end":{"line":104,"column":61}}]},"11":{"line":112,"type":"binary-expr","locations":[{"start":{"line":112,"column":45},"end":{"line":112,"column":79},"skip":true},{"start":{"line":112,"column":83},"end":{"line":121,"column":9},"skip":true}]},"12":{"line":123,"type":"binary-expr","locations":[{"start":{"line":123,"column":42},"end":{"line":123,"column":73},"skip":true},{"start":{"line":123,"column":77},"end":{"line":136,"column":9},"skip":true}]},"13":{"line":138,"type":"binary-expr","locations":[{"start":{"line":138,"column":48},"end":{"line":138,"column":85},"skip":true},{"start":{"line":139,"column":12},"end":{"line":145,"column":13},"skip":true}]},"14":{"line":147,"type":"binary-expr","locations":[{"start":{"line":147,"column":42},"end":{"line":147,"column":73},"skip":true},{"start":{"line":147,"column":77},"end":{"line":156,"column":9},"skip":true}]},"15":{"line":158,"type":"binary-expr","locations":[{"start":{"line":158,"column":45},"end":{"line":158,"column":79},"skip":true},{"start":{"line":158,"column":83},"end":{"line":167,"column":9},"skip":true}]},"16":{"line":169,"type":"binary-expr","locations":[{"start":{"line":169,"column":43},"end":{"line":169,"column":75},"skip":true},{"start":{"line":169,"column":79},"end":{"line":178,"column":9},"skip":true}]},"17":{"line":180,"type":"binary-expr","locations":[{"start":{"line":180,"column":41},"end":{"line":180,"column":71},"skip":true},{"start":{"line":180,"column":75},"end":{"line":189,"column":9},"skip":true}]}},"code":["/* istanbul instrument in package npmtest_satellizer */","/*jslint","    bitwise: true,","    browser: true,","    maxerr: 8,","    maxlen: 96,","    node: true,","    nomen: true,","    regexp: true,","    stupid: true","*/","(function () {","    'use strict';","    var local;","","","","    // run shared js-env code - pre-init","    (function () {","        // init local","        local = {};","        // init modeJs","        local.modeJs = (function () {","            try {","                return typeof navigator.userAgent === 'string' &&","                    typeof document.querySelector('body') === 'object' &&","                    typeof XMLHttpRequest.prototype.open === 'function' &&","                    'browser';","            } catch (errorCaughtBrowser) {","                return module.exports &&","                    typeof process.versions.node === 'string' &&","                    typeof require('http').createServer === 'function' &&","                    'node';","            }","        }());","        // init global","        local.global = local.modeJs === 'browser'","            ? window","            : global;","        switch (local.modeJs) {","        // re-init local from window.local","        case 'browser':","            local = local.global.utility2.objectSetDefault(","                local.global.utility2_rollup || local.global.local,","                local.global.utility2","            );","            break;","        // re-init local from example.js","        case 'node':","            local = (local.global.utility2_rollup || require('utility2'))","                .requireExampleJsFromReadme();","            break;","        }","        // export local","        local.global.local = local;","    }());","","","","    // run shared js-env code - function","    (function () {","        return;","    }());","    switch (local.modeJs) {","","","","    // run browser js-env code - function","    case 'browser':","        break;","","","","    // run node js-env code - function","    case 'node':","        break;","    }","","","","    // run shared js-env code - post-init","    (function () {","        return;","    }());","    switch (local.modeJs) {","","","","    // run browser js-env code - post-init","    case 'browser':","        local.testCase_browser_nullCase = local.testCase_browser_nullCase || function (","            options,","            onError","        ) {","        /*","         * this function will test browsers's null-case handling-behavior-behavior","         */","            onError(null, options);","        };","","        // run tests","        local.nop(local.modeTest &&","            document.querySelector('#testRunButton1') &&","            document.querySelector('#testRunButton1').click());","        break;","","","","    // run node js-env code - post-init","    /* istanbul ignore next */","    case 'node':","        local.testCase_buildApidoc_default = local.testCase_buildApidoc_default || function (","            options,","            onError","        ) {","        /*","         * this function will test buildApidoc's default handling-behavior-behavior","         */","            options = { modulePathList: module.paths };","            local.buildApidoc(options, onError);","        };","","        local.testCase_buildApp_default = local.testCase_buildApp_default || function (","            options,","            onError","        ) {","        /*","         * this function will test buildApp's default handling-behavior-behavior","         */","            local.testCase_buildReadme_default(options, local.onErrorThrow);","            local.testCase_buildLib_default(options, local.onErrorThrow);","            local.testCase_buildTest_default(options, local.onErrorThrow);","            local.testCase_buildCustomOrg_default(options, local.onErrorThrow);","            options = [];","            local.buildApp(options, onError);","        };","","        local.testCase_buildCustomOrg_default = local.testCase_buildCustomOrg_default ||","            function (options, onError) {","            /*","             * this function will test buildCustomOrg's default handling-behavior","             */","                options = {};","                local.buildCustomOrg(options, onError);","            };","","        local.testCase_buildLib_default = local.testCase_buildLib_default || function (","            options,","            onError","        ) {","        /*","         * this function will test buildLib's default handling-behavior","         */","            options = {};","            local.buildLib(options, onError);","        };","","        local.testCase_buildReadme_default = local.testCase_buildReadme_default || function (","            options,","            onError","        ) {","        /*","         * this function will test buildReadme's default handling-behavior-behavior","         */","            options = {};","            local.buildReadme(options, onError);","        };","","        local.testCase_buildTest_default = local.testCase_buildTest_default || function (","            options,","            onError","        ) {","        /*","         * this function will test buildTest's default handling-behavior","         */","            options = {};","            local.buildTest(options, onError);","        };","","        local.testCase_webpage_default = local.testCase_webpage_default || function (","            options,","            onError","        ) {","        /*","         * this function will test webpage's default handling-behavior","         */","            options = { modeCoverageMerge: true, url: local.serverLocalHost + '?modeTest=1' };","            local.browserTest(options, onError);","        };","","        // run test-server","        local.testRunServer(local);","        break;","    }","}());",""],"l":{"12":2,"14":2,"19":2,"21":2,"23":2,"24":2,"25":2,"30":1,"37":2,"40":2,"43":1,"47":1,"50":1,"52":1,"55":2,"61":2,"62":2,"64":2,"70":1,"76":1,"82":2,"83":2,"85":2,"91":1,"98":1,"102":1,"105":1,"112":1,"119":1,"120":1,"123":1,"130":1,"131":1,"132":1,"133":1,"134":1,"135":1,"138":1,"143":2,"144":2,"147":1,"154":2,"155":2,"158":1,"165":2,"166":2,"169":1,"176":2,"177":2,"180":1,"187":1,"188":1,"192":1,"193":1}},"/home/travis/build/npmtest/node-npmtest-satellizer/lib.npmtest_satellizer.js":{"path":"/home/travis/build/npmtest/node-npmtest-satellizer/lib.npmtest_satellizer.js","s":{"1":2,"2":2,"3":2,"4":2,"5":2,"6":2,"7":2,"8":1,"9":2,"10":2,"11":2,"12":2,"13":1,"14":1,"15":1,"16":1},"b":{"1":[2,1,1,1],"2":[1,1,1,1],"3":[1,1],"4":[2,2],"5":[1,1]},"f":{"1":2,"2":2,"3":2},"fnMap":{"1":{"name":"(anonymous_1)","line":12,"loc":{"start":{"line":12,"column":1},"end":{"line":12,"column":13}}},"2":{"name":"(anonymous_2)","line":19,"loc":{"start":{"line":19,"column":5},"end":{"line":19,"column":17}}},"3":{"name":"(anonymous_3)","line":23,"loc":{"start":{"line":23,"column":24},"end":{"line":23,"column":36}}}},"statementMap":{"1":{"start":{"line":12,"column":0},"end":{"line":53,"column":5}},"2":{"start":{"line":14,"column":4},"end":{"line":14,"column":14}},"3":{"start":{"line":19,"column":4},"end":{"line":52,"column":9}},"4":{"start":{"line":21,"column":8},"end":{"line":21,"column":19}},"5":{"start":{"line":23,"column":8},"end":{"line":35,"column":13}},"6":{"start":{"line":24,"column":12},"end":{"line":34,"column":13}},"7":{"start":{"line":25,"column":16},"end":{"line":28,"column":30}},"8":{"start":{"line":30,"column":16},"end":{"line":33,"column":27}},"9":{"start":{"line":37,"column":8},"end":{"line":39,"column":21}},"10":{"start":{"line":41,"column":8},"end":{"line":41,"column":54}},"11":{"start":{"line":43,"column":8},"end":{"line":43,"column":55}},"12":{"start":{"line":45,"column":8},"end":{"line":51,"column":9}},"13":{"start":{"line":46,"column":12},"end":{"line":46,"column":61}},"14":{"start":{"line":48,"column":12},"end":{"line":48,"column":35}},"15":{"start":{"line":49,"column":12},"end":{"line":49,"column":49}},"16":{"start":{"line":50,"column":12},"end":{"line":50,"column":43}}},"branchMap":{"1":{"line":25,"type":"binary-expr","locations":[{"start":{"line":25,"column":23},"end":{"line":25,"column":62}},{"start":{"line":26,"column":20},"end":{"line":26,"column":70}},{"start":{"line":27,"column":20},"end":{"line":27,"column":71}},{"start":{"line":28,"column":20},"end":{"line":28,"column":29}}]},"2":{"line":30,"type":"binary-expr","locations":[{"start":{"line":30,"column":23},"end":{"line":30,"column":37}},{"start":{"line":31,"column":20},"end":{"line":31,"column":61}},{"start":{"line":32,"column":20},"end":{"line":32,"column":70}},{"start":{"line":33,"column":20},"end":{"line":33,"column":26}}]},"3":{"line":37,"type":"cond-expr","locations":[{"start":{"line":38,"column":14},"end":{"line":38,"column":20}},{"start":{"line":39,"column":14},"end":{"line":39,"column":20}}]},"4":{"line":41,"type":"binary-expr","locations":[{"start":{"line":41,"column":16},"end":{"line":41,"column":44}},{"start":{"line":41,"column":48},"end":{"line":41,"column":53}}]},"5":{"line":45,"type":"if","locations":[{"start":{"line":45,"column":8},"end":{"line":45,"column":8}},{"start":{"line":45,"column":8},"end":{"line":45,"column":8}}]}},"code":["/* istanbul instrument in package npmtest_satellizer */","/*jslint","    bitwise: true,","    browser: true,","    maxerr: 8,","    maxlen: 96,","    node: true,","    nomen: true,","    regexp: true,","    stupid: true","*/","(function () {","    'use strict';","    var local;","","","","    // run shared js-env code - pre-init","    (function () {","        // init local","        local = {};","        // init modeJs","        local.modeJs = (function () {","            try {","                return typeof navigator.userAgent === 'string' &&","                    typeof document.querySelector('body') === 'object' &&","                    typeof XMLHttpRequest.prototype.open === 'function' &&","                    'browser';","            } catch (errorCaughtBrowser) {","                return module.exports &&","                    typeof process.versions.node === 'string' &&","                    typeof require('http').createServer === 'function' &&","                    'node';","            }","        }());","        // init global","        local.global = local.modeJs === 'browser'","            ? window","            : global;","        // init utility2_rollup","        local = local.global.utility2_rollup || local;","        // init lib","        local.local = local.npmtest_satellizer = local;","        // init exports","        if (local.modeJs === 'browser') {","            local.global.utility2_npmtest_satellizer = local;","        } else {","            module.exports = local;","            module.exports.__dirname = __dirname;","            module.exports.module = module;","        }","    }());","}());",""],"l":{"12":2,"14":2,"19":2,"21":2,"23":2,"24":2,"25":2,"30":1,"37":2,"41":2,"43":2,"45":2,"46":1,"48":1,"49":1,"50":1}},"/home/travis/build/npmtest/node-npmtest-satellizer/example.js":{"path":"/home/travis/build/npmtest/node-npmtest-satellizer/example.js","s":{"1":2,"2":2,"3":2,"4":2,"5":2,"6":2,"7":2,"8":1,"9":2,"10":2,"11":2,"12":2,"13":1,"14":2,"15":2,"16":2,"17":2,"18":2,"19":0,"20":2,"21":1,"22":1,"23":1,"24":1,"25":1,"26":0,"27":0,"28":1,"29":1,"30":2,"31":0,"32":0,"33":0,"34":1,"35":2,"36":2,"37":3,"38":3,"39":3,"40":3,"41":0,"42":3,"43":3,"44":3,"45":1,"46":3,"47":1,"48":1,"49":1,"50":1,"51":1,"52":1,"53":1,"54":1,"55":1,"56":1,"57":0,"58":1,"59":6,"60":6,"61":1,"62":2,"63":0,"64":2,"65":1,"66":1,"67":0,"68":0,"69":0,"70":0,"71":0,"72":0,"73":0,"74":0,"75":0,"76":0,"77":0,"78":0,"79":0,"80":0,"81":0,"82":0,"83":0},"b":{"1":[2,1,1,1],"2":[1,1,1,1],"3":[1,1],"4":[2,2],"5":[1,1],"6":[1,1],"7":[2,0],"8":[2,1,1,1,1,1],"9":[0,2,0],"10":[1,1],"11":[2,1,1],"12":[1,0],"13":[0,2],"14":[2,0,0,0,0,0,0],"15":[0,3],"16":[3,0],"17":[1,1],"18":[0,1],"19":[1,2,0,2],"20":[1,0],"21":[1,1],"22":[0,0],"23":[0,0],"24":[0,0],"25":[0,0],"26":[0,0],"27":[0,0],"28":[0,0]},"f":{"1":2,"2":2,"3":2,"4":2,"5":2,"6":2,"7":3,"8":3,"9":3,"10":1,"11":6,"12":0},"fnMap":{"1":{"name":"(anonymous_1)","line":26,"loc":{"start":{"line":26,"column":1},"end":{"line":26,"column":13}}},"2":{"name":"(anonymous_2)","line":33,"loc":{"start":{"line":33,"column":5},"end":{"line":33,"column":17}}},"3":{"name":"(anonymous_3)","line":37,"loc":{"start":{"line":37,"column":24},"end":{"line":37,"column":36}}},"4":{"name":"(anonymous_4)","line":69,"loc":{"start":{"line":69,"column":31},"end":{"line":69,"column":48}},"skip":true},"5":{"name":"(anonymous_5)","line":78,"loc":{"start":{"line":78,"column":26},"end":{"line":78,"column":45}},"skip":true},"6":{"name":"(anonymous_6)","line":123,"loc":{"start":{"line":123,"column":33},"end":{"line":123,"column":48}},"skip":true},"7":{"name":"(anonymous_7)","line":125,"loc":{"start":{"line":125,"column":27},"end":{"line":125,"column":39}},"skip":true},"8":{"name":"(anonymous_8)","line":133,"loc":{"start":{"line":133,"column":59},"end":{"line":133,"column":74}},"skip":true},"9":{"name":"(anonymous_9)","line":143,"loc":{"start":{"line":143,"column":45},"end":{"line":143,"column":62}},"skip":true},"10":{"name":"(anonymous_10)","line":144,"loc":{"start":{"line":144,"column":73},"end":{"line":144,"column":92}},"skip":true},"11":{"name":"(anonymous_11)","line":272,"loc":{"start":{"line":272,"column":51},"end":{"line":272,"column":77}},"skip":true},"12":{"name":"(anonymous_12)","line":314,"loc":{"start":{"line":314,"column":32},"end":{"line":314,"column":61}},"skip":true}},"statementMap":{"1":{"start":{"line":26,"column":0},"end":{"line":325,"column":5}},"2":{"start":{"line":28,"column":4},"end":{"line":28,"column":14}},"3":{"start":{"line":33,"column":4},"end":{"line":60,"column":9}},"4":{"start":{"line":35,"column":8},"end":{"line":35,"column":19}},"5":{"start":{"line":37,"column":8},"end":{"line":49,"column":13}},"6":{"start":{"line":38,"column":12},"end":{"line":48,"column":13}},"7":{"start":{"line":39,"column":16},"end":{"line":42,"column":30}},"8":{"start":{"line":44,"column":16},"end":{"line":47,"column":27}},"9":{"start":{"line":51,"column":8},"end":{"line":53,"column":21}},"10":{"start":{"line":55,"column":8},"end":{"line":57,"column":45}},"11":{"start":{"line":59,"column":8},"end":{"line":59,"column":35}},"12":{"start":{"line":61,"column":4},"end":{"line":324,"column":5}},"13":{"start":{"line":69,"column":8},"end":{"line":121,"column":10},"skip":true},"14":{"start":{"line":70,"column":12},"end":{"line":88,"column":13},"skip":true},"15":{"start":{"line":76,"column":16},"end":{"line":87,"column":19},"skip":true},"16":{"start":{"line":79,"column":20},"end":{"line":86,"column":21},"skip":true},"17":{"start":{"line":82,"column":24},"end":{"line":82,"column":43},"skip":true},"18":{"start":{"line":83,"column":24},"end":{"line":83,"column":30},"skip":true},"19":{"start":{"line":85,"column":24},"end":{"line":85,"column":49},"skip":true},"20":{"start":{"line":89,"column":12},"end":{"line":107,"column":13},"skip":true},"21":{"start":{"line":92,"column":16},"end":{"line":102,"column":17},"skip":true},"22":{"start":{"line":93,"column":20},"end":{"line":93,"column":86},"skip":true},"23":{"start":{"line":94,"column":20},"end":{"line":95,"column":45},"skip":true},"24":{"start":{"line":96,"column":20},"end":{"line":96,"column":42},"skip":true},"25":{"start":{"line":97,"column":20},"end":{"line":97,"column":48},"skip":true},"26":{"start":{"line":100,"column":20},"end":{"line":100,"column":85},"skip":true},"27":{"start":{"line":101,"column":20},"end":{"line":101,"column":96},"skip":true},"28":{"start":{"line":103,"column":16},"end":{"line":103,"column":22},"skip":true},"29":{"start":{"line":106,"column":16},"end":{"line":106,"column":22},"skip":true},"30":{"start":{"line":108,"column":12},"end":{"line":120,"column":13},"skip":true},"31":{"start":{"line":114,"column":16},"end":{"line":119,"column":17},"skip":true},"32":{"start":{"line":116,"column":20},"end":{"line":116,"column":78},"skip":true},"33":{"start":{"line":118,"column":20},"end":{"line":118,"column":47},"skip":true},"34":{"start":{"line":123,"column":8},"end":{"line":141,"column":11},"skip":true},"35":{"start":{"line":124,"column":12},"end":{"line":124,"column":54},"skip":true},"36":{"start":{"line":125,"column":12},"end":{"line":140,"column":14},"skip":true},"37":{"start":{"line":126,"column":16},"end":{"line":126,"column":28},"skip":true},"38":{"start":{"line":127,"column":16},"end":{"line":127,"column":69},"skip":true},"39":{"start":{"line":128,"column":16},"end":{"line":128,"column":75},"skip":true},"40":{"start":{"line":129,"column":16},"end":{"line":131,"column":17},"skip":true},"41":{"start":{"line":130,"column":20},"end":{"line":130,"column":27},"skip":true},"42":{"start":{"line":133,"column":16},"end":{"line":137,"column":36},"skip":true},"43":{"start":{"line":134,"column":20},"end":{"line":136,"column":55},"skip":true},"44":{"start":{"line":139,"column":16},"end":{"line":139,"column":57},"skip":true},"45":{"start":{"line":143,"column":8},"end":{"line":147,"column":11},"skip":true},"46":{"start":{"line":144,"column":12},"end":{"line":146,"column":15},"skip":true},"47":{"start":{"line":145,"column":16},"end":{"line":145,"column":70},"skip":true},"48":{"start":{"line":149,"column":8},"end":{"line":149,"column":31},"skip":true},"49":{"start":{"line":150,"column":8},"end":{"line":150,"column":14},"skip":true},"50":{"start":{"line":158,"column":8},"end":{"line":158,"column":31},"skip":true},"51":{"start":{"line":160,"column":8},"end":{"line":160,"column":33},"skip":true},"52":{"start":{"line":161,"column":8},"end":{"line":161,"column":37},"skip":true},"53":{"start":{"line":162,"column":8},"end":{"line":162,"column":35},"skip":true},"54":{"start":{"line":164,"column":8},"end":{"line":164,"column":50},"skip":true},"55":{"start":{"line":166,"column":8},"end":{"line":256,"column":2},"skip":true},"56":{"start":{"line":258,"column":8},"end":{"line":286,"column":9},"skip":true},"57":{"start":{"line":259,"column":12},"end":{"line":269,"column":14},"skip":true},"58":{"start":{"line":271,"column":12},"end":{"line":285,"column":19},"skip":true},"59":{"start":{"line":274,"column":20},"end":{"line":274,"column":35},"skip":true},"60":{"start":{"line":275,"column":20},"end":{"line":284,"column":21},"skip":true},"61":{"start":{"line":277,"column":24},"end":{"line":277,"column":64},"skip":true},"62":{"start":{"line":279,"column":24},"end":{"line":279,"column":40},"skip":true},"63":{"start":{"line":281,"column":24},"end":{"line":281,"column":40},"skip":true},"64":{"start":{"line":283,"column":24},"end":{"line":283,"column":39},"skip":true},"65":{"start":{"line":288,"column":8},"end":{"line":290,"column":9},"skip":true},"66":{"start":{"line":289,"column":12},"end":{"line":289,"column":18},"skip":true},"67":{"start":{"line":291,"column":8},"end":{"line":293,"column":54},"skip":true},"68":{"start":{"line":294,"column":8},"end":{"line":301,"column":37},"skip":true},"69":{"start":{"line":302,"column":8},"end":{"line":302,"column":82},"skip":true},"70":{"start":{"line":305,"column":8},"end":{"line":307,"column":9},"skip":true},"71":{"start":{"line":306,"column":12},"end":{"line":306,"column":82},"skip":true},"72":{"start":{"line":309,"column":8},"end":{"line":311,"column":9},"skip":true},"73":{"start":{"line":310,"column":12},"end":{"line":310,"column":18},"skip":true},"74":{"start":{"line":312,"column":8},"end":{"line":312,"column":54},"skip":true},"75":{"start":{"line":313,"column":8},"end":{"line":313,"column":69},"skip":true},"76":{"start":{"line":314,"column":8},"end":{"line":322,"column":36},"skip":true},"77":{"start":{"line":315,"column":12},"end":{"line":315,"column":61},"skip":true},"78":{"start":{"line":316,"column":12},"end":{"line":319,"column":13},"skip":true},"79":{"start":{"line":317,"column":16},"end":{"line":317,"column":75},"skip":true},"80":{"start":{"line":318,"column":16},"end":{"line":318,"column":23},"skip":true},"81":{"start":{"line":320,"column":12},"end":{"line":320,"column":38},"skip":true},"82":{"start":{"line":321,"column":12},"end":{"line":321,"column":27},"skip":true},"83":{"start":{"line":323,"column":8},"end":{"line":323,"column":14},"skip":true}},"branchMap":{"1":{"line":39,"type":"binary-expr","locations":[{"start":{"line":39,"column":23},"end":{"line":39,"column":62}},{"start":{"line":40,"column":20},"end":{"line":40,"column":70}},{"start":{"line":41,"column":20},"end":{"line":41,"column":71}},{"start":{"line":42,"column":20},"end":{"line":42,"column":29}}]},"2":{"line":44,"type":"binary-expr","locations":[{"start":{"line":44,"column":23},"end":{"line":44,"column":37}},{"start":{"line":45,"column":20},"end":{"line":45,"column":61}},{"start":{"line":46,"column":20},"end":{"line":46,"column":70}},{"start":{"line":47,"column":20},"end":{"line":47,"column":26}}]},"3":{"line":51,"type":"cond-expr","locations":[{"start":{"line":52,"column":14},"end":{"line":52,"column":20}},{"start":{"line":53,"column":14},"end":{"line":53,"column":20}}]},"4":{"line":55,"type":"binary-expr","locations":[{"start":{"line":55,"column":16},"end":{"line":55,"column":44}},{"start":{"line":55,"column":49},"end":{"line":57,"column":43}}]},"5":{"line":55,"type":"cond-expr","locations":[{"start":{"line":56,"column":14},"end":{"line":56,"column":54}},{"start":{"line":57,"column":14},"end":{"line":57,"column":43}}]},"6":{"line":61,"type":"switch","locations":[{"start":{"line":68,"column":4},"end":{"line":150,"column":14},"skip":true},{"start":{"line":156,"column":4},"end":{"line":323,"column":14},"skip":true}]},"7":{"line":70,"type":"if","locations":[{"start":{"line":70,"column":12},"end":{"line":70,"column":12},"skip":true},{"start":{"line":70,"column":12},"end":{"line":70,"column":12},"skip":true}]},"8":{"line":70,"type":"binary-expr","locations":[{"start":{"line":70,"column":16},"end":{"line":70,"column":22},"skip":true},{"start":{"line":70,"column":27},"end":{"line":70,"column":32},"skip":true},{"start":{"line":71,"column":20},"end":{"line":71,"column":39},"skip":true},{"start":{"line":72,"column":20},"end":{"line":72,"column":49},"skip":true},{"start":{"line":73,"column":20},"end":{"line":73,"column":58},"skip":true},{"start":{"line":74,"column":20},"end":{"line":74,"column":69},"skip":true}]},"9":{"line":79,"type":"switch","locations":[{"start":{"line":80,"column":20},"end":{"line":80,"column":33},"skip":true},{"start":{"line":81,"column":20},"end":{"line":83,"column":30},"skip":true},{"start":{"line":84,"column":20},"end":{"line":85,"column":49},"skip":true}]},"10":{"line":89,"type":"switch","locations":[{"start":{"line":90,"column":12},"end":{"line":103,"column":22},"skip":true},{"start":{"line":105,"column":12},"end":{"line":106,"column":22},"skip":true}]},"11":{"line":89,"type":"binary-expr","locations":[{"start":{"line":89,"column":20},"end":{"line":89,"column":25},"skip":true},{"start":{"line":89,"column":29},"end":{"line":89,"column":48},"skip":true},{"start":{"line":89,"column":52},"end":{"line":89,"column":74},"skip":true}]},"12":{"line":92,"type":"if","locations":[{"start":{"line":92,"column":16},"end":{"line":92,"column":16},"skip":true},{"start":{"line":92,"column":16},"end":{"line":92,"column":16},"skip":true}]},"13":{"line":108,"type":"if","locations":[{"start":{"line":108,"column":12},"end":{"line":108,"column":12},"skip":true},{"start":{"line":108,"column":12},"end":{"line":108,"column":12},"skip":true}]},"14":{"line":108,"type":"binary-expr","locations":[{"start":{"line":108,"column":16},"end":{"line":108,"column":61},"skip":true},{"start":{"line":108,"column":66},"end":{"line":108,"column":72},"skip":true},{"start":{"line":108,"column":77},"end":{"line":108,"column":82},"skip":true},{"start":{"line":109,"column":20},"end":{"line":109,"column":39},"skip":true},{"start":{"line":110,"column":20},"end":{"line":110,"column":49},"skip":true},{"start":{"line":111,"column":20},"end":{"line":111,"column":58},"skip":true},{"start":{"line":112,"column":20},"end":{"line":112,"column":68},"skip":true}]},"15":{"line":129,"type":"if","locations":[{"start":{"line":129,"column":16},"end":{"line":129,"column":16},"skip":true},{"start":{"line":129,"column":16},"end":{"line":129,"column":16},"skip":true}]},"16":{"line":134,"type":"cond-expr","locations":[{"start":{"line":135,"column":26},"end":{"line":135,"column":29},"skip":true},{"start":{"line":136,"column":26},"end":{"line":136,"column":54},"skip":true}]},"17":{"line":164,"type":"binary-expr","locations":[{"start":{"line":164,"column":27},"end":{"line":164,"column":43},"skip":true},{"start":{"line":164,"column":47},"end":{"line":164,"column":49},"skip":true}]},"18":{"line":258,"type":"if","locations":[{"start":{"line":258,"column":8},"end":{"line":258,"column":8},"skip":true},{"start":{"line":258,"column":8},"end":{"line":258,"column":8},"skip":true}]},"19":{"line":275,"type":"switch","locations":[{"start":{"line":276,"column":20},"end":{"line":277,"column":64},"skip":true},{"start":{"line":278,"column":20},"end":{"line":279,"column":40},"skip":true},{"start":{"line":280,"column":20},"end":{"line":281,"column":40},"skip":true},{"start":{"line":282,"column":20},"end":{"line":283,"column":39},"skip":true}]},"20":{"line":288,"type":"if","locations":[{"start":{"line":288,"column":8},"end":{"line":288,"column":8},"skip":true},{"start":{"line":288,"column":8},"end":{"line":288,"column":8},"skip":true}]},"21":{"line":288,"type":"binary-expr","locations":[{"start":{"line":288,"column":12},"end":{"line":288,"column":40},"skip":true},{"start":{"line":288,"column":44},"end":{"line":288,"column":67},"skip":true}]},"22":{"line":292,"type":"binary-expr","locations":[{"start":{"line":292,"column":12},"end":{"line":292,"column":50},"skip":true},{"start":{"line":293,"column":12},"end":{"line":293,"column":53},"skip":true}]},"23":{"line":295,"type":"binary-expr","locations":[{"start":{"line":295,"column":12},"end":{"line":295,"column":68},"skip":true},{"start":{"line":296,"column":12},"end":{"line":301,"column":36},"skip":true}]},"24":{"line":302,"type":"binary-expr","locations":[{"start":{"line":302,"column":43},"end":{"line":302,"column":75},"skip":true},{"start":{"line":302,"column":79},"end":{"line":302,"column":81},"skip":true}]},"25":{"line":305,"type":"if","locations":[{"start":{"line":305,"column":8},"end":{"line":305,"column":8},"skip":true},{"start":{"line":305,"column":8},"end":{"line":305,"column":8},"skip":true}]},"26":{"line":309,"type":"if","locations":[{"start":{"line":309,"column":8},"end":{"line":309,"column":8},"skip":true},{"start":{"line":309,"column":8},"end":{"line":309,"column":8},"skip":true}]},"27":{"line":312,"type":"binary-expr","locations":[{"start":{"line":312,"column":27},"end":{"line":312,"column":43},"skip":true},{"start":{"line":312,"column":47},"end":{"line":312,"column":53},"skip":true}]},"28":{"line":316,"type":"if","locations":[{"start":{"line":316,"column":12},"end":{"line":316,"column":12},"skip":true},{"start":{"line":316,"column":12},"end":{"line":316,"column":12},"skip":true}]}},"code":["/*","example.js","","quickstart example","","instruction","    1. save this script as example.js","    2. run the shell command:","        $ npm install npmtest-satellizer && PORT=8081 node example.js","    3. play with the browser-demo on http://127.0.0.1:8081","*/","","","","/* istanbul instrument in package npmtest_satellizer */","/*jslint","    bitwise: true,","    browser: true,","    maxerr: 8,","    maxlen: 96,","    node: true,","    nomen: true,","    regexp: true,","    stupid: true","*/","(function () {","    'use strict';","    var local;","","","","    // run shared js-env code - pre-init","    (function () {","        // init local","        local = {};","        // init modeJs","        local.modeJs = (function () {","            try {","                return typeof navigator.userAgent === 'string' &&","                    typeof document.querySelector('body') === 'object' &&","                    typeof XMLHttpRequest.prototype.open === 'function' &&","                    'browser';","            } catch (errorCaughtBrowser) {","                return module.exports &&","                    typeof process.versions.node === 'string' &&","                    typeof require('http').createServer === 'function' &&","                    'node';","            }","        }());","        // init global","        local.global = local.modeJs === 'browser'","            ? window","            : global;","        // init utility2_rollup","        local = local.global.utility2_rollup || (local.modeJs === 'browser'","            ? local.global.utility2_npmtest_satellizer","            : global.utility2_moduleExports);","        // export local","        local.global.local = local;","    }());","    switch (local.modeJs) {","","","","    // post-init","    // run browser js-env code - post-init","    /* istanbul ignore next */","    case 'browser':","        local.testRunBrowser = function (event) {","            if (!event || (event &&","                    event.currentTarget &&","                    event.currentTarget.className &&","                    event.currentTarget.className.includes &&","                    event.currentTarget.className.includes('onreset'))) {","                // reset output","                Array.from(","                    document.querySelectorAll('body > .resettable')","                ).forEach(function (element) {","                    switch (element.tagName) {","                    case 'INPUT':","                    case 'TEXTAREA':","                        element.value = '';","                        break;","                    default:","                        element.textContent = '';","                    }","                });","            }","            switch (event && event.currentTarget && event.currentTarget.id) {","            case 'testRunButton1':","                // show tests","                if (document.querySelector('#testReportDiv1').style.display === 'none') {","                    document.querySelector('#testReportDiv1').style.display = 'block';","                    document.querySelector('#testRunButton1').textContent =","                        'hide internal test';","                    local.modeTest = true;","                    local.testRunDefault(local);","                // hide tests","                } else {","                    document.querySelector('#testReportDiv1').style.display = 'none';","                    document.querySelector('#testRunButton1').textContent = 'run internal test';","                }","                break;","            // custom-case","            default:","                break;","            }","            if (document.querySelector('#inputTextareaEval1') && (!event || (event &&","                    event.currentTarget &&","                    event.currentTarget.className &&","                    event.currentTarget.className.includes &&","                    event.currentTarget.className.includes('oneval')))) {","                // try to eval input-code","                try {","                    /*jslint evil: true*/","                    eval(document.querySelector('#inputTextareaEval1').value);","                } catch (errorCaught) {","                    console.error(errorCaught);","                }","            }","        };","        // log stderr and stdout to #outputTextareaStdout1","        ['error', 'log'].forEach(function (key) {","            console[key + '_original'] = console[key];","            console[key] = function () {","                var element;","                console[key + '_original'].apply(console, arguments);","                element = document.querySelector('#outputTextareaStdout1');","                if (!element) {","                    return;","                }","                // append text to #outputTextareaStdout1","                element.value += Array.from(arguments).map(function (arg) {","                    return typeof arg === 'string'","                        ? arg","                        : JSON.stringify(arg, null, 4);","                }).join(' ') + '\\n';","                // scroll textarea to bottom","                element.scrollTop = element.scrollHeight;","            };","        });","        // init event-handling","        ['change', 'click', 'keyup'].forEach(function (event) {","            Array.from(document.querySelectorAll('.on' + event)).forEach(function (element) {","                element.addEventListener(event, local.testRunBrowser);","            });","        });","        // run tests","        local.testRunBrowser();","        break;","","","","    // run node js-env code - post-init","    /* istanbul ignore next */","    case 'node':","        // export local","        module.exports = local;","        // require modules","        local.fs = require('fs');","        local.http = require('http');","        local.url = require('url');","        // init assets","        local.assetsDict = local.assetsDict || {};","        /* jslint-ignore-begin */","        local.assetsDict['/assets.index.template.html'] = '\\","<!doctype html>\\n\\","<html lang=\"en\">\\n\\","<head>\\n\\","<meta charset=\"UTF-8\">\\n\\","<meta name=\"viewport\" content=\"width=device-width, initial-scale=1\">\\n\\","<title>{{env.npm_package_name}} (v{{env.npm_package_version}})</title>\\n\\","<style>\\n\\","/*csslint\\n\\","    box-sizing: false,\\n\\","    universal-selector: false\\n\\","*/\\n\\","* {\\n\\","    box-sizing: border-box;\\n\\","}\\n\\","body {\\n\\","    background: #dde;\\n\\","    font-family: Arial, Helvetica, sans-serif;\\n\\","    margin: 2rem;\\n\\","}\\n\\","body > * {\\n\\","    margin-bottom: 1rem;\\n\\","}\\n\\",".utility2FooterDiv {\\n\\","    margin-top: 20px;\\n\\","    text-align: center;\\n\\","}\\n\\","</style>\\n\\","<style>\\n\\","/*csslint\\n\\","*/\\n\\","textarea {\\n\\","    font-family: monospace;\\n\\","    height: 10rem;\\n\\","    width: 100%;\\n\\","}\\n\\","textarea[readonly] {\\n\\","    background: #ddd;\\n\\","}\\n\\","</style>\\n\\","</head>\\n\\","<body>\\n\\","<!-- utility2-comment\\n\\","<div id=\"ajaxProgressDiv1\" style=\"background: #d00; height: 2px; left: 0; margin: 0; padding: 0; position: fixed; top: 0; transition: background 0.5s, width 1.5s; width: 25%;\"></div>\\n\\","utility2-comment -->\\n\\","<h1>\\n\\","<!-- utility2-comment\\n\\","    <a\\n\\","        {{#if env.npm_package_homepage}}\\n\\","        href=\"{{env.npm_package_homepage}}\"\\n\\","        {{/if env.npm_package_homepage}}\\n\\","        target=\"_blank\"\\n\\","    >\\n\\","utility2-comment -->\\n\\","        {{env.npm_package_name}} (v{{env.npm_package_version}})\\n\\","<!-- utility2-comment\\n\\","    </a>\\n\\","utility2-comment -->\\n\\","</h1>\\n\\","<h3>{{env.npm_package_description}}</h3>\\n\\","<!-- utility2-comment\\n\\","<h4><a download href=\"assets.app.js\">download standalone app</a></h4>\\n\\","<button class=\"onclick onreset\" id=\"testRunButton1\">run internal test</button><br>\\n\\","<div id=\"testReportDiv1\" style=\"display: none;\"></div>\\n\\","utility2-comment -->\\n\\","\\n\\","\\n\\","\\n\\","<label>stderr and stdout</label>\\n\\","<textarea class=\"resettable\" id=\"outputTextareaStdout1\" readonly></textarea>\\n\\","<!-- utility2-comment\\n\\","{{#if isRollup}}\\n\\","<script src=\"assets.app.js\"></script>\\n\\","{{#unless isRollup}}\\n\\","utility2-comment -->\\n\\","<script src=\"assets.utility2.rollup.js\"></script>\\n\\","<script src=\"jsonp.utility2._stateInit?callback=window.utility2._stateInit\"></script>\\n\\","<script src=\"assets.npmtest_satellizer.rollup.js\"></script>\\n\\","<script src=\"assets.example.js\"></script>\\n\\","<script src=\"assets.test.js\"></script>\\n\\","<!-- utility2-comment\\n\\","{{/if isRollup}}\\n\\","utility2-comment -->\\n\\","<div class=\"utility2FooterDiv\">\\n\\","    [ this app was created with\\n\\","    <a href=\"https://github.com/kaizhu256/node-utility2\" target=\"_blank\">utility2</a>\\n\\","    ]\\n\\","</div>\\n\\","</body>\\n\\","</html>\\n\\","';","        /* jslint-ignore-end */","        if (local.templateRender) {","            local.assetsDict['/'] = local.templateRender(","                local.assetsDict['/assets.index.template.html'],","                {","                    env: local.objectSetDefault(local.env, {","                        npm_package_description: 'the greatest app in the world!',","                        npm_package_name: 'my-app',","                        npm_package_nameAlias: 'my_app',","                        npm_package_version: '0.0.1'","                    })","                }","            );","        } else {","            local.assetsDict['/'] = local.assetsDict['/assets.index.template.html']","                .replace((/\\{\\{env\\.(\\w+?)\\}\\}/g), function (match0, match1) {","                    // jslint-hack","                    String(match0);","                    switch (match1) {","                    case 'npm_package_description':","                        return 'the greatest app in the world!';","                    case 'npm_package_name':","                        return 'my-app';","                    case 'npm_package_nameAlias':","                        return 'my_app';","                    case 'npm_package_version':","                        return '0.0.1';","                    }","                });","        }","        // run the cli","        if (local.global.utility2_rollup || module !== require.main) {","            break;","        }","        local.assetsDict['/assets.example.js'] =","            local.assetsDict['/assets.example.js'] ||","            local.fs.readFileSync(__filename, 'utf8');","        local.assetsDict['/assets.npmtest_satellizer.rollup.js'] =","            local.assetsDict['/assets.npmtest_satellizer.rollup.js'] ||","            local.fs.readFileSync(","                // buildCustomOrg-hack","                local.npmtest_satellizer.__dirname +","                    '/lib.npmtest_satellizer.js',","                'utf8'","            ).replace((/^#!/), '//');","        local.assetsDict['/favicon.ico'] = local.assetsDict['/favicon.ico'] || '';","        // if $npm_config_timeout_exit exists,","        // then exit this process after $npm_config_timeout_exit ms","        if (Number(process.env.npm_config_timeout_exit)) {","            setTimeout(process.exit, Number(process.env.npm_config_timeout_exit));","        }","        // start server","        if (local.global.utility2_serverHttp1) {","            break;","        }","        process.env.PORT = process.env.PORT || '8081';","        console.error('server starting on port ' + process.env.PORT);","        local.http.createServer(function (request, response) {","            request.urlParsed = local.url.parse(request.url);","            if (local.assetsDict[request.urlParsed.pathname] !== undefined) {","                response.end(local.assetsDict[request.urlParsed.pathname]);","                return;","            }","            response.statusCode = 404;","            response.end();","        }).listen(process.env.PORT);","        break;","    }","}());",""],"l":{"26":2,"28":2,"33":2,"35":2,"37":2,"38":2,"39":2,"44":1,"51":2,"55":2,"59":2,"61":2,"69":1,"70":2,"76":2,"79":2,"82":2,"83":2,"85":1,"89":2,"92":1,"93":1,"94":1,"96":1,"97":1,"100":1,"101":1,"103":1,"106":1,"108":2,"114":1,"116":1,"118":1,"123":1,"124":2,"125":2,"126":3,"127":3,"128":3,"129":3,"130":1,"133":3,"134":3,"139":3,"143":1,"144":3,"145":1,"149":1,"150":1,"158":1,"160":1,"161":1,"162":1,"164":1,"166":1,"258":1,"259":1,"271":1,"274":6,"275":6,"277":1,"279":2,"281":1,"283":2,"288":1,"289":1,"291":1,"294":1,"302":1,"305":1,"306":1,"309":1,"310":1,"312":1,"313":1,"314":1,"315":1,"316":1,"317":1,"318":1,"320":1,"321":1,"323":1}},"/home/travis/build/npmtest/node-npmtest-satellizer/node_modules/satellizer/dist/satellizer.js":{"path":"/home/travis/build/npmtest/node-npmtest-satellizer/node_modules/satellizer/dist/satellizer.js","s":{"1":2,"2":2,"3":2,"4":1,"5":0,"6":0,"7":0,"8":0,"9":0,"10":0,"11":0,"12":0,"13":0,"14":0,"15":0,"16":0,"17":0,"18":0,"19":0,"20":0,"21":2,"22":0,"23":2,"24":2,"25":1,"26":0,"27":2,"28":0,"29":0,"30":2,"31":0,"32":0,"33":2,"34":0,"35":0,"36":2,"37":0,"38":0,"39":2,"40":0,"41":0,"42":2,"43":0,"44":0,"45":2,"46":0,"47":0,"48":2,"49":0,"50":0,"51":2,"52":0,"53":0,"54":2,"55":0,"56":0,"57":2,"58":0,"59":0,"60":2,"61":0,"62":0,"63":0,"64":0,"65":0,"66":2,"67":0,"68":2,"69":0,"70":2,"71":0,"72":2,"73":0,"74":2,"75":0,"76":2,"77":0,"78":2,"79":0,"80":2,"81":0,"82":2,"83":0,"84":2,"85":0,"86":2,"87":0,"88":2,"89":0,"90":2,"91":0,"92":2,"93":0,"94":0,"95":0,"96":0,"97":0,"98":0,"99":0,"100":0,"101":0,"102":0,"103":0,"104":0,"105":0,"106":2,"107":2,"108":2,"109":1,"110":0,"111":0,"112":0,"113":0,"114":0,"115":0,"116":1,"117":0,"118":0,"119":1,"120":0,"121":0,"122":0,"123":0,"124":0,"125":0,"126":0,"127":0,"128":0,"129":1,"130":0,"131":0,"132":0,"133":0,"134":0,"135":0,"136":0,"137":0,"138":0,"139":0,"140":0,"141":0,"142":0,"143":0,"144":0,"145":0,"146":0,"147":0,"148":0,"149":0,"150":2,"151":1,"152":0,"153":0,"154":0,"155":0,"156":0,"157":0,"158":2,"159":0,"160":2,"161":0,"162":0,"163":0,"164":0,"165":0,"166":0,"167":2,"168":0,"169":0,"170":0,"171":0,"172":0,"173":0,"174":0,"175":0,"176":0,"177":0,"178":0,"179":0,"180":0,"181":0,"182":0,"183":2,"184":0,"185":2,"186":0,"187":0,"188":0,"189":0,"190":0,"191":0,"192":0,"193":0,"194":0,"195":0,"196":0,"197":0,"198":2,"199":0,"200":0,"201":2,"202":0,"203":2,"204":2,"205":2,"206":1,"207":0,"208":0,"209":0,"210":2,"211":0,"212":0,"213":0,"214":0,"215":0,"216":0,"217":0,"218":0,"219":0,"220":0,"221":2,"222":0,"223":0,"224":0,"225":0,"226":0,"227":0,"228":0,"229":2,"230":2,"231":2,"232":1,"233":0,"234":0,"235":0,"236":0,"237":0,"238":2,"239":0,"240":0,"241":0,"242":0,"243":2,"244":0,"245":0,"246":0,"247":0,"248":0,"249":0,"250":0,"251":0,"252":0,"253":0,"254":0,"255":0,"256":0,"257":0,"258":2,"259":0,"260":0,"261":0,"262":0,"263":0,"264":0,"265":0,"266":0,"267":0,"268":0,"269":0,"270":0,"271":0,"272":0,"273":0,"274":0,"275":0,"276":0,"277":0,"278":0,"279":0,"280":0,"281":2,"282":0,"283":0,"284":0,"285":0,"286":0,"287":0,"288":0,"289":0,"290":0,"291":0,"292":0,"293":0,"294":0,"295":0,"296":0,"297":0,"298":0,"299":0,"300":0,"301":2,"302":2,"303":2,"304":1,"305":0,"306":0,"307":0,"308":0,"309":0,"310":2,"311":0,"312":0,"313":0,"314":0,"315":0,"316":0,"317":0,"318":0,"319":0,"320":2,"321":0,"322":0,"323":0,"324":0,"325":0,"326":0,"327":2,"328":0,"329":0,"330":2,"331":0,"332":0,"333":0,"334":2,"335":0,"336":0,"337":0,"338":0,"339":2,"340":2,"341":2,"342":1,"343":0,"344":0,"345":0,"346":0,"347":0,"348":0,"349":0,"350":0,"351":2,"352":0,"353":0,"354":2,"355":0,"356":0,"357":0,"358":0,"359":0,"360":0,"361":0,"362":0,"363":0,"364":0,"365":0,"366":0,"367":0,"368":0,"369":0,"370":0,"371":0,"372":2,"373":0,"374":0,"375":0,"376":0,"377":0,"378":0,"379":0,"380":0,"381":0,"382":0,"383":0,"384":0,"385":0,"386":0,"387":0,"388":2,"389":0,"390":0,"391":0,"392":0,"393":0,"394":0,"395":0,"396":0,"397":0,"398":0,"399":0,"400":0,"401":0,"402":0,"403":0,"404":0,"405":0,"406":0,"407":0,"408":2,"409":2,"410":2,"411":1,"412":0,"413":0,"414":0,"415":0,"416":0,"417":0,"418":0,"419":0,"420":0,"421":0,"422":2,"423":0,"424":0,"425":0,"426":0,"427":0,"428":0,"429":0,"430":0,"431":0,"432":0,"433":0,"434":0,"435":0,"436":0,"437":0,"438":2,"439":0,"440":0,"441":0,"442":0,"443":0,"444":0,"445":0,"446":2,"447":2,"448":2,"449":1,"450":0,"451":0,"452":0,"453":2,"454":0,"455":0,"456":0,"457":2,"458":0,"459":0,"460":0,"461":2,"462":0,"463":0,"464":0,"465":2,"466":2,"467":2,"468":1,"469":0,"470":0,"471":0,"472":0,"473":0,"474":0,"475":0,"476":0,"477":0,"478":0,"479":0,"480":0,"481":0,"482":0,"483":2,"484":0,"485":2,"486":2,"487":2,"488":2,"489":1,"490":0,"491":0,"492":2,"493":2,"494":2,"495":0,"496":0,"497":0,"498":0},"b":{"1":[2,0],"2":[2,2],"3":[0,0],"4":[0,0],"5":[0,0],"6":[0,0],"7":[0,0],"8":[0,0],"9":[0,0],"10":[0,0],"11":[0,0],"12":[0,0],"13":[0,0],"14":[0,0],"15":[0,0,0],"16":[0,0],"17":[0,0],"18":[0,0],"19":[0,0],"20":[0,0],"21":[0,0],"22":[0,0],"23":[0,0],"24":[0,0],"25":[0,0],"26":[0,0],"27":[0,0],"28":[0,0],"29":[0,0],"30":[0,0],"31":[0,0],"32":[0,0],"33":[0,0],"34":[0,0],"35":[0,0],"36":[0,0],"37":[0,0],"38":[0,0],"39":[0,0],"40":[0,0],"41":[0,0],"42":[0,0],"43":[0,0],"44":[0,0],"45":[0,0],"46":[0,0],"47":[0,0],"48":[0,0],"49":[0,0],"50":[0,0],"51":[0,0],"52":[0,0],"53":[0,0],"54":[0,0],"55":[0,0],"56":[0,0,0],"57":[0,0],"58":[0,0],"59":[0,0],"60":[0,0],"61":[0,0],"62":[0,0],"63":[0,0],"64":[0,0],"65":[0,0],"66":[0,0],"67":[0,0],"68":[0,0],"69":[0,0],"70":[0,0],"71":[0,0],"72":[0,0],"73":[0,0],"74":[0,0],"75":[0,0],"76":[0,0,0,0],"77":[0,0],"78":[0,0],"79":[0,0],"80":[0,0],"81":[0,0],"82":[0,0],"83":[0,0],"84":[0,0],"85":[0,0],"86":[0,0,0],"87":[0,0],"88":[0,0],"89":[0,0],"90":[0,0],"91":[0,0],"92":[0,0],"93":[0,0],"94":[0,0],"95":[0,0],"96":[0,0],"97":[0,0],"98":[0,0]},"f":{"1":2,"2":2,"3":2,"4":0,"5":0,"6":0,"7":0,"8":0,"9":2,"10":0,"11":0,"12":0,"13":0,"14":0,"15":0,"16":0,"17":0,"18":0,"19":0,"20":0,"21":0,"22":0,"23":0,"24":0,"25":0,"26":0,"27":0,"28":0,"29":0,"30":0,"31":0,"32":0,"33":0,"34":0,"35":0,"36":0,"37":0,"38":0,"39":0,"40":0,"41":0,"42":0,"43":0,"44":0,"45":0,"46":0,"47":0,"48":0,"49":0,"50":0,"51":0,"52":0,"53":0,"54":0,"55":0,"56":0,"57":0,"58":0,"59":0,"60":0,"61":0,"62":0,"63":0,"64":0,"65":0,"66":0,"67":0,"68":0,"69":0,"70":0,"71":0,"72":0,"73":2,"74":0,"75":0,"76":0,"77":0,"78":0,"79":0,"80":0,"81":0,"82":0,"83":2,"84":0,"85":0,"86":0,"87":0,"88":2,"89":0,"90":0,"91":0,"92":0,"93":0,"94":0,"95":0,"96":0,"97":0,"98":0,"99":0,"100":0,"101":2,"102":0,"103":0,"104":0,"105":0,"106":0,"107":0,"108":0,"109":0,"110":0,"111":2,"112":0,"113":0,"114":0,"115":0,"116":0,"117":0,"118":0,"119":0,"120":0,"121":0,"122":0,"123":0,"124":0,"125":2,"126":0,"127":0,"128":0,"129":0,"130":0,"131":0,"132":2,"133":0,"134":0,"135":0,"136":0,"137":2,"138":0,"139":0,"140":0,"141":2,"142":0,"143":0,"144":0},"fnMap":{"1":{"name":"(anonymous_1)","line":7,"loc":{"start":{"line":7,"column":1},"end":{"line":7,"column":28}}},"2":{"name":"(anonymous_2)","line":11,"loc":{"start":{"line":11,"column":8},"end":{"line":11,"column":20}}},"3":{"name":"(anonymous_3)","line":13,"loc":{"start":{"line":13,"column":18},"end":{"line":13,"column":30}}},"4":{"name":"Config","line":14,"loc":{"start":{"line":14,"column":8},"end":{"line":14,"column":26}}},"5":{"name":"(anonymous_5)","line":52,"loc":{"start":{"line":52,"column":27},"end":{"line":52,"column":39}}},"6":{"name":"(anonymous_6)","line":152,"loc":{"start":{"line":152,"column":27},"end":{"line":152,"column":39}}},"7":{"name":"(anonymous_7)","line":155,"loc":{"start":{"line":155,"column":35},"end":{"line":155,"column":47}}},"8":{"name":"(anonymous_8)","line":158,"loc":{"start":{"line":158,"column":17},"end":{"line":158,"column":29}}},"9":{"name":"(anonymous_9)","line":168,"loc":{"start":{"line":168,"column":24},"end":{"line":168,"column":36}}},"10":{"name":"AuthProvider","line":169,"loc":{"start":{"line":169,"column":8},"end":{"line":169,"column":48}}},"11":{"name":"(anonymous_11)","line":173,"loc":{"start":{"line":173,"column":17},"end":{"line":173,"column":29}}},"12":{"name":"(anonymous_12)","line":174,"loc":{"start":{"line":174,"column":17},"end":{"line":174,"column":34}}},"13":{"name":"(anonymous_13)","line":179,"loc":{"start":{"line":179,"column":17},"end":{"line":179,"column":29}}},"14":{"name":"(anonymous_14)","line":180,"loc":{"start":{"line":180,"column":17},"end":{"line":180,"column":34}}},"15":{"name":"(anonymous_15)","line":185,"loc":{"start":{"line":185,"column":17},"end":{"line":185,"column":29}}},"16":{"name":"(anonymous_16)","line":186,"loc":{"start":{"line":186,"column":17},"end":{"line":186,"column":34}}},"17":{"name":"(anonymous_17)","line":191,"loc":{"start":{"line":191,"column":17},"end":{"line":191,"column":29}}},"18":{"name":"(anonymous_18)","line":192,"loc":{"start":{"line":192,"column":17},"end":{"line":192,"column":34}}},"19":{"name":"(anonymous_19)","line":197,"loc":{"start":{"line":197,"column":17},"end":{"line":197,"column":29}}},"20":{"name":"(anonymous_20)","line":198,"loc":{"start":{"line":198,"column":17},"end":{"line":198,"column":34}}},"21":{"name":"(anonymous_21)","line":203,"loc":{"start":{"line":203,"column":17},"end":{"line":203,"column":29}}},"22":{"name":"(anonymous_22)","line":204,"loc":{"start":{"line":204,"column":17},"end":{"line":204,"column":34}}},"23":{"name":"(anonymous_23)","line":209,"loc":{"start":{"line":209,"column":17},"end":{"line":209,"column":29}}},"24":{"name":"(anonymous_24)","line":210,"loc":{"start":{"line":210,"column":17},"end":{"line":210,"column":34}}},"25":{"name":"(anonymous_25)","line":215,"loc":{"start":{"line":215,"column":17},"end":{"line":215,"column":29}}},"26":{"name":"(anonymous_26)","line":216,"loc":{"start":{"line":216,"column":17},"end":{"line":216,"column":34}}},"27":{"name":"(anonymous_27)","line":221,"loc":{"start":{"line":221,"column":17},"end":{"line":221,"column":29}}},"28":{"name":"(anonymous_28)","line":222,"loc":{"start":{"line":222,"column":17},"end":{"line":222,"column":34}}},"29":{"name":"(anonymous_29)","line":227,"loc":{"start":{"line":227,"column":17},"end":{"line":227,"column":29}}},"30":{"name":"(anonymous_30)","line":228,"loc":{"start":{"line":228,"column":17},"end":{"line":228,"column":34}}},"31":{"name":"(anonymous_31)","line":233,"loc":{"start":{"line":233,"column":17},"end":{"line":233,"column":29}}},"32":{"name":"(anonymous_32)","line":234,"loc":{"start":{"line":234,"column":17},"end":{"line":234,"column":34}}},"33":{"name":"(anonymous_33)","line":239,"loc":{"start":{"line":239,"column":17},"end":{"line":239,"column":29}}},"34":{"name":"(anonymous_34)","line":240,"loc":{"start":{"line":240,"column":17},"end":{"line":240,"column":34}}},"35":{"name":"(anonymous_35)","line":245,"loc":{"start":{"line":245,"column":60},"end":{"line":245,"column":72}}},"36":{"name":"(anonymous_36)","line":251,"loc":{"start":{"line":251,"column":42},"end":{"line":251,"column":61}}},"37":{"name":"(anonymous_37)","line":254,"loc":{"start":{"line":254,"column":40},"end":{"line":254,"column":59}}},"38":{"name":"(anonymous_38)","line":257,"loc":{"start":{"line":257,"column":40},"end":{"line":257,"column":59}}},"39":{"name":"(anonymous_39)","line":260,"loc":{"start":{"line":260,"column":43},"end":{"line":260,"column":62}}},"40":{"name":"(anonymous_40)","line":263,"loc":{"start":{"line":263,"column":42},"end":{"line":263,"column":61}}},"41":{"name":"(anonymous_41)","line":266,"loc":{"start":{"line":266,"column":41},"end":{"line":266,"column":60}}},"42":{"name":"(anonymous_42)","line":269,"loc":{"start":{"line":269,"column":40},"end":{"line":269,"column":59}}},"43":{"name":"(anonymous_43)","line":272,"loc":{"start":{"line":272,"column":38},"end":{"line":272,"column":57}}},"44":{"name":"(anonymous_44)","line":275,"loc":{"start":{"line":275,"column":39},"end":{"line":275,"column":58}}},"45":{"name":"(anonymous_45)","line":278,"loc":{"start":{"line":278,"column":43},"end":{"line":278,"column":62}}},"46":{"name":"(anonymous_46)","line":281,"loc":{"start":{"line":281,"column":41},"end":{"line":281,"column":60}}},"47":{"name":"(anonymous_47)","line":284,"loc":{"start":{"line":284,"column":40},"end":{"line":284,"column":59}}},"48":{"name":"(anonymous_48)","line":289,"loc":{"start":{"line":289,"column":40},"end":{"line":289,"column":59}}},"49":{"name":"(anonymous_49)","line":294,"loc":{"start":{"line":294,"column":38},"end":{"line":294,"column":100}}},"50":{"name":"(anonymous_50)","line":296,"loc":{"start":{"line":296,"column":23},"end":{"line":296,"column":48}}},"51":{"name":"(anonymous_51)","line":297,"loc":{"start":{"line":297,"column":24},"end":{"line":297,"column":49}}},"52":{"name":"(anonymous_52)","line":298,"loc":{"start":{"line":298,"column":24},"end":{"line":298,"column":36}}},"53":{"name":"(anonymous_53)","line":299,"loc":{"start":{"line":299,"column":30},"end":{"line":299,"column":52}}},"54":{"name":"(anonymous_54)","line":300,"loc":{"start":{"line":300,"column":22},"end":{"line":300,"column":44}}},"55":{"name":"(anonymous_55)","line":301,"loc":{"start":{"line":301,"column":24},"end":{"line":301,"column":49}}},"56":{"name":"(anonymous_56)","line":302,"loc":{"start":{"line":302,"column":33},"end":{"line":302,"column":45}}},"57":{"name":"(anonymous_57)","line":303,"loc":{"start":{"line":303,"column":28},"end":{"line":303,"column":40}}},"58":{"name":"(anonymous_58)","line":304,"loc":{"start":{"line":304,"column":26},"end":{"line":304,"column":38}}},"59":{"name":"(anonymous_59)","line":305,"loc":{"start":{"line":305,"column":26},"end":{"line":305,"column":43}}},"60":{"name":"(anonymous_60)","line":306,"loc":{"start":{"line":306,"column":29},"end":{"line":306,"column":41}}},"61":{"name":"(anonymous_61)","line":307,"loc":{"start":{"line":307,"column":32},"end":{"line":307,"column":48}}},"62":{"name":"joinUrl","line":315,"loc":{"start":{"line":315,"column":4},"end":{"line":315,"column":35}}},"63":{"name":"(anonymous_63)","line":320,"loc":{"start":{"line":320,"column":24},"end":{"line":320,"column":39}}},"64":{"name":"getFullUrlPath","line":329,"loc":{"start":{"line":329,"column":4},"end":{"line":329,"column":38}}},"65":{"name":"parseQueryString","line":335,"loc":{"start":{"line":335,"column":4},"end":{"line":335,"column":35}}},"66":{"name":"(anonymous_66)","line":339,"loc":{"start":{"line":339,"column":48},"end":{"line":339,"column":68}}},"67":{"name":"decodeBase64","line":348,"loc":{"start":{"line":348,"column":4},"end":{"line":348,"column":31}}},"68":{"name":"(anonymous_68)","line":363,"loc":{"start":{"line":363,"column":22},"end":{"line":363,"column":38}}},"69":{"name":"(anonymous_69)","line":382,"loc":{"start":{"line":382,"column":19},"end":{"line":382,"column":32}}},"70":{"name":"(anonymous_70)","line":385,"loc":{"start":{"line":385,"column":31},"end":{"line":385,"column":44}}},"71":{"name":"(anonymous_71)","line":389,"loc":{"start":{"line":389,"column":14},"end":{"line":389,"column":27}}},"72":{"name":"(anonymous_72)","line":392,"loc":{"start":{"line":392,"column":52},"end":{"line":392,"column":66}}},"73":{"name":"(anonymous_73)","line":398,"loc":{"start":{"line":398,"column":18},"end":{"line":398,"column":30}}},"74":{"name":"Shared","line":399,"loc":{"start":{"line":399,"column":8},"end":{"line":399,"column":74}}},"75":{"name":"(anonymous_75)","line":407,"loc":{"start":{"line":407,"column":36},"end":{"line":407,"column":48}}},"76":{"name":"(anonymous_76)","line":410,"loc":{"start":{"line":410,"column":38},"end":{"line":410,"column":50}}},"77":{"name":"(anonymous_77)","line":422,"loc":{"start":{"line":422,"column":36},"end":{"line":422,"column":56}}},"78":{"name":"(anonymous_78)","line":436,"loc":{"start":{"line":436,"column":77},"end":{"line":436,"column":93}}},"79":{"name":"(anonymous_79)","line":443,"loc":{"start":{"line":443,"column":39},"end":{"line":443,"column":51}}},"80":{"name":"(anonymous_80)","line":446,"loc":{"start":{"line":446,"column":43},"end":{"line":446,"column":55}}},"81":{"name":"(anonymous_81)","line":466,"loc":{"start":{"line":466,"column":34},"end":{"line":466,"column":46}}},"82":{"name":"(anonymous_82)","line":470,"loc":{"start":{"line":470,"column":42},"end":{"line":470,"column":58}}},"83":{"name":"(anonymous_83)","line":477,"loc":{"start":{"line":477,"column":17},"end":{"line":477,"column":29}}},"84":{"name":"Local","line":478,"loc":{"start":{"line":478,"column":8},"end":{"line":478,"column":66}}},"85":{"name":"(anonymous_85)","line":483,"loc":{"start":{"line":483,"column":32},"end":{"line":483,"column":57}}},"86":{"name":"(anonymous_86)","line":490,"loc":{"start":{"line":490,"column":44},"end":{"line":490,"column":64}}},"87":{"name":"(anonymous_87)","line":495,"loc":{"start":{"line":495,"column":33},"end":{"line":495,"column":58}}},"88":{"name":"(anonymous_88)","line":507,"loc":{"start":{"line":507,"column":17},"end":{"line":507,"column":29}}},"89":{"name":"Popup","line":508,"loc":{"start":{"line":508,"column":8},"end":{"line":508,"column":47}}},"90":{"name":"(anonymous_90)","line":517,"loc":{"start":{"line":517,"column":43},"end":{"line":517,"column":62}}},"91":{"name":"(anonymous_91)","line":519,"loc":{"start":{"line":519,"column":37},"end":{"line":519,"column":59}}},"92":{"name":"(anonymous_92)","line":524,"loc":{"start":{"line":524,"column":31},"end":{"line":524,"column":89}}},"93":{"name":"(anonymous_93)","line":551,"loc":{"start":{"line":551,"column":34},"end":{"line":551,"column":57}}},"94":{"name":"(anonymous_94)","line":553,"loc":{"start":{"line":553,"column":27},"end":{"line":553,"column":54}}},"95":{"name":"(anonymous_95)","line":557,"loc":{"start":{"line":557,"column":46},"end":{"line":557,"column":58}}},"96":{"name":"(anonymous_96)","line":590,"loc":{"start":{"line":590,"column":40},"end":{"line":590,"column":63}}},"97":{"name":"(anonymous_97)","line":592,"loc":{"start":{"line":592,"column":27},"end":{"line":592,"column":54}}},"98":{"name":"(anonymous_98)","line":593,"loc":{"start":{"line":593,"column":58},"end":{"line":593,"column":75}}},"99":{"name":"(anonymous_99)","line":612,"loc":{"start":{"line":612,"column":58},"end":{"line":612,"column":70}}},"100":{"name":"(anonymous_100)","line":615,"loc":{"start":{"line":615,"column":53},"end":{"line":615,"column":65}}},"101":{"name":"(anonymous_101)","line":624,"loc":{"start":{"line":624,"column":18},"end":{"line":624,"column":30}}},"102":{"name":"OAuth1","line":625,"loc":{"start":{"line":625,"column":8},"end":{"line":625,"column":75}}},"103":{"name":"(anonymous_103)","line":645,"loc":{"start":{"line":645,"column":32},"end":{"line":645,"column":61}}},"104":{"name":"(anonymous_104)","line":654,"loc":{"start":{"line":654,"column":47},"end":{"line":654,"column":67}}},"105":{"name":"(anonymous_105)","line":655,"loc":{"start":{"line":655,"column":63},"end":{"line":655,"column":88}}},"106":{"name":"(anonymous_106)","line":660,"loc":{"start":{"line":660,"column":37},"end":{"line":660,"column":66}}},"107":{"name":"(anonymous_107)","line":671,"loc":{"start":{"line":671,"column":43},"end":{"line":671,"column":55}}},"108":{"name":"(anonymous_108)","line":675,"loc":{"start":{"line":675,"column":44},"end":{"line":675,"column":75}}},"109":{"name":"(anonymous_109)","line":680,"loc":{"start":{"line":680,"column":44},"end":{"line":680,"column":59}}},"110":{"name":"(anonymous_110)","line":682,"loc":{"start":{"line":682,"column":33},"end":{"line":682,"column":55}}},"111":{"name":"(anonymous_111)","line":691,"loc":{"start":{"line":691,"column":18},"end":{"line":691,"column":30}}},"112":{"name":"OAuth2","line":692,"loc":{"start":{"line":692,"column":8},"end":{"line":692,"column":108}}},"113":{"name":"(anonymous_113)","line":722,"loc":{"start":{"line":722,"column":27},"end":{"line":722,"column":43}}},"114":{"name":"(anonymous_114)","line":723,"loc":{"start":{"line":723,"column":51},"end":{"line":723,"column":91}}},"115":{"name":"(anonymous_115)","line":727,"loc":{"start":{"line":727,"column":32},"end":{"line":727,"column":61}}},"116":{"name":"(anonymous_116)","line":729,"loc":{"start":{"line":729,"column":27},"end":{"line":729,"column":54}}},"117":{"name":"(anonymous_117)","line":740,"loc":{"start":{"line":740,"column":86},"end":{"line":740,"column":103}}},"118":{"name":"(anonymous_118)","line":749,"loc":{"start":{"line":749,"column":25},"end":{"line":749,"column":42}}},"119":{"name":"(anonymous_119)","line":752,"loc":{"start":{"line":752,"column":44},"end":{"line":752,"column":75}}},"120":{"name":"(anonymous_120)","line":755,"loc":{"start":{"line":755,"column":58},"end":{"line":755,"column":80}}},"121":{"name":"(anonymous_121)","line":778,"loc":{"start":{"line":778,"column":44},"end":{"line":778,"column":56}}},"122":{"name":"(anonymous_122)","line":782,"loc":{"start":{"line":782,"column":49},"end":{"line":782,"column":75}}},"123":{"name":"(anonymous_123)","line":783,"loc":{"start":{"line":783,"column":64},"end":{"line":783,"column":85}}},"124":{"name":"(anonymous_124)","line":802,"loc":{"start":{"line":802,"column":37},"end":{"line":802,"column":53}}},"125":{"name":"(anonymous_125)","line":808,"loc":{"start":{"line":808,"column":17},"end":{"line":808,"column":29}}},"126":{"name":"OAuth","line":809,"loc":{"start":{"line":809,"column":8},"end":{"line":809,"column":161}}},"127":{"name":"(anonymous_127)","line":821,"loc":{"start":{"line":821,"column":39},"end":{"line":821,"column":65}}},"128":{"name":"(anonymous_128)","line":823,"loc":{"start":{"line":823,"column":27},"end":{"line":823,"column":54}}},"129":{"name":"(anonymous_129)","line":836,"loc":{"start":{"line":836,"column":59},"end":{"line":836,"column":79}}},"130":{"name":"(anonymous_130)","line":841,"loc":{"start":{"line":841,"column":25},"end":{"line":841,"column":42}}},"131":{"name":"(anonymous_131)","line":846,"loc":{"start":{"line":846,"column":33},"end":{"line":846,"column":66}}},"132":{"name":"(anonymous_132)","line":869,"loc":{"start":{"line":869,"column":19},"end":{"line":869,"column":31}}},"133":{"name":"Storage","line":870,"loc":{"start":{"line":870,"column":8},"end":{"line":870,"column":52}}},"134":{"name":"(anonymous_134)","line":875,"loc":{"start":{"line":875,"column":32},"end":{"line":875,"column":47}}},"135":{"name":"(anonymous_135)","line":883,"loc":{"start":{"line":883,"column":32},"end":{"line":883,"column":54}}},"136":{"name":"(anonymous_136)","line":891,"loc":{"start":{"line":891,"column":35},"end":{"line":891,"column":50}}},"137":{"name":"(anonymous_137)","line":903,"loc":{"start":{"line":903,"column":23},"end":{"line":903,"column":35}}},"138":{"name":"Interceptor","line":904,"loc":{"start":{"line":904,"column":8},"end":{"line":904,"column":84}}},"139":{"name":"(anonymous_139)","line":909,"loc":{"start":{"line":909,"column":27},"end":{"line":909,"column":45}}},"140":{"name":"(anonymous_140)","line":925,"loc":{"start":{"line":925,"column":30},"end":{"line":925,"column":95}}},"141":{"name":"(anonymous_141)","line":933,"loc":{"start":{"line":933,"column":30},"end":{"line":933,"column":42}}},"142":{"name":"HttpProviderConfig","line":934,"loc":{"start":{"line":934,"column":8},"end":{"line":934,"column":51}}},"143":{"name":"(anonymous_143)","line":943,"loc":{"start":{"line":943,"column":48},"end":{"line":943,"column":76}}},"144":{"name":"(anonymous_144)","line":953,"loc":{"start":{"line":953,"column":34},"end":{"line":953,"column":59}}}},"statementMap":{"1":{"start":{"line":7,"column":0},"end":{"line":958,"column":4}},"2":{"start":{"line":8,"column":4},"end":{"line":10,"column":36}},"3":{"start":{"line":13,"column":4},"end":{"line":165,"column":9}},"4":{"start":{"line":14,"column":8},"end":{"line":156,"column":9}},"5":{"start":{"line":15,"column":12},"end":{"line":15,"column":31}},"6":{"start":{"line":16,"column":12},"end":{"line":16,"column":42}},"7":{"start":{"line":17,"column":12},"end":{"line":17,"column":44}},"8":{"start":{"line":18,"column":12},"end":{"line":18,"column":45}},"9":{"start":{"line":19,"column":12},"end":{"line":19,"column":37}},"10":{"start":{"line":20,"column":12},"end":{"line":20,"column":44}},"11":{"start":{"line":21,"column":12},"end":{"line":21,"column":47}},"12":{"start":{"line":22,"column":12},"end":{"line":22,"column":38}},"13":{"start":{"line":23,"column":12},"end":{"line":23,"column":46}},"14":{"start":{"line":24,"column":12},"end":{"line":24,"column":34}},"15":{"start":{"line":25,"column":12},"end":{"line":25,"column":41}},"16":{"start":{"line":26,"column":12},"end":{"line":154,"column":14}},"17":{"start":{"line":52,"column":41},"end":{"line":52,"column":105}},"18":{"start":{"line":152,"column":41},"end":{"line":152,"column":105}},"19":{"start":{"line":155,"column":12},"end":{"line":155,"column":64}},"20":{"start":{"line":155,"column":49},"end":{"line":155,"column":61}},"21":{"start":{"line":157,"column":8},"end":{"line":163,"column":11}},"22":{"start":{"line":159,"column":16},"end":{"line":159,"column":36}},"23":{"start":{"line":164,"column":8},"end":{"line":164,"column":22}},"24":{"start":{"line":168,"column":4},"end":{"line":312,"column":9}},"25":{"start":{"line":169,"column":8},"end":{"line":171,"column":9}},"26":{"start":{"line":170,"column":12},"end":{"line":170,"column":53}},"27":{"start":{"line":172,"column":8},"end":{"line":177,"column":11}},"28":{"start":{"line":173,"column":31},"end":{"line":173,"column":68}},"29":{"start":{"line":174,"column":36},"end":{"line":174,"column":74}},"30":{"start":{"line":178,"column":8},"end":{"line":183,"column":11}},"31":{"start":{"line":179,"column":31},"end":{"line":179,"column":69}},"32":{"start":{"line":180,"column":36},"end":{"line":180,"column":75}},"33":{"start":{"line":184,"column":8},"end":{"line":189,"column":11}},"34":{"start":{"line":185,"column":31},"end":{"line":185,"column":70}},"35":{"start":{"line":186,"column":36},"end":{"line":186,"column":76}},"36":{"start":{"line":190,"column":8},"end":{"line":195,"column":11}},"37":{"start":{"line":191,"column":31},"end":{"line":191,"column":70}},"38":{"start":{"line":192,"column":36},"end":{"line":192,"column":76}},"39":{"start":{"line":196,"column":8},"end":{"line":201,"column":11}},"40":{"start":{"line":197,"column":31},"end":{"line":197,"column":70}},"41":{"start":{"line":198,"column":36},"end":{"line":198,"column":76}},"42":{"start":{"line":202,"column":8},"end":{"line":207,"column":11}},"43":{"start":{"line":203,"column":31},"end":{"line":203,"column":70}},"44":{"start":{"line":204,"column":36},"end":{"line":204,"column":76}},"45":{"start":{"line":208,"column":8},"end":{"line":213,"column":11}},"46":{"start":{"line":209,"column":31},"end":{"line":209,"column":72}},"47":{"start":{"line":210,"column":36},"end":{"line":210,"column":78}},"48":{"start":{"line":214,"column":8},"end":{"line":219,"column":11}},"49":{"start":{"line":215,"column":31},"end":{"line":215,"column":72}},"50":{"start":{"line":216,"column":36},"end":{"line":216,"column":78}},"51":{"start":{"line":220,"column":8},"end":{"line":225,"column":11}},"52":{"start":{"line":221,"column":31},"end":{"line":221,"column":70}},"53":{"start":{"line":222,"column":36},"end":{"line":222,"column":76}},"54":{"start":{"line":226,"column":8},"end":{"line":231,"column":11}},"55":{"start":{"line":227,"column":31},"end":{"line":227,"column":76}},"56":{"start":{"line":228,"column":36},"end":{"line":228,"column":82}},"57":{"start":{"line":232,"column":8},"end":{"line":237,"column":11}},"58":{"start":{"line":233,"column":31},"end":{"line":233,"column":72}},"59":{"start":{"line":234,"column":36},"end":{"line":234,"column":78}},"60":{"start":{"line":238,"column":8},"end":{"line":250,"column":11}},"61":{"start":{"line":239,"column":31},"end":{"line":239,"column":76}},"62":{"start":{"line":241,"column":16},"end":{"line":246,"column":17}},"63":{"start":{"line":242,"column":20},"end":{"line":242,"column":66}},"64":{"start":{"line":245,"column":20},"end":{"line":245,"column":90}},"65":{"start":{"line":245,"column":74},"end":{"line":245,"column":87}},"66":{"start":{"line":251,"column":8},"end":{"line":253,"column":10}},"67":{"start":{"line":252,"column":12},"end":{"line":252,"column":78}},"68":{"start":{"line":254,"column":8},"end":{"line":256,"column":10}},"69":{"start":{"line":255,"column":12},"end":{"line":255,"column":76}},"70":{"start":{"line":257,"column":8},"end":{"line":259,"column":10}},"71":{"start":{"line":258,"column":12},"end":{"line":258,"column":76}},"72":{"start":{"line":260,"column":8},"end":{"line":262,"column":10}},"73":{"start":{"line":261,"column":12},"end":{"line":261,"column":79}},"74":{"start":{"line":263,"column":8},"end":{"line":265,"column":10}},"75":{"start":{"line":264,"column":12},"end":{"line":264,"column":78}},"76":{"start":{"line":266,"column":8},"end":{"line":268,"column":10}},"77":{"start":{"line":267,"column":12},"end":{"line":267,"column":77}},"78":{"start":{"line":269,"column":8},"end":{"line":271,"column":10}},"79":{"start":{"line":270,"column":12},"end":{"line":270,"column":76}},"80":{"start":{"line":272,"column":8},"end":{"line":274,"column":10}},"81":{"start":{"line":273,"column":12},"end":{"line":273,"column":74}},"82":{"start":{"line":275,"column":8},"end":{"line":277,"column":10}},"83":{"start":{"line":276,"column":12},"end":{"line":276,"column":75}},"84":{"start":{"line":278,"column":8},"end":{"line":280,"column":10}},"85":{"start":{"line":279,"column":12},"end":{"line":279,"column":79}},"86":{"start":{"line":281,"column":8},"end":{"line":283,"column":10}},"87":{"start":{"line":282,"column":12},"end":{"line":282,"column":77}},"88":{"start":{"line":284,"column":8},"end":{"line":288,"column":10}},"89":{"start":{"line":285,"column":12},"end":{"line":287,"column":15}},"90":{"start":{"line":289,"column":8},"end":{"line":293,"column":10}},"91":{"start":{"line":290,"column":12},"end":{"line":292,"column":15}},"92":{"start":{"line":294,"column":8},"end":{"line":309,"column":10}},"93":{"start":{"line":295,"column":12},"end":{"line":308,"column":14}},"94":{"start":{"line":296,"column":50},"end":{"line":296,"column":94}},"95":{"start":{"line":297,"column":51},"end":{"line":297,"column":96}},"96":{"start":{"line":298,"column":38},"end":{"line":298,"column":71}},"97":{"start":{"line":299,"column":54},"end":{"line":299,"column":102}},"98":{"start":{"line":300,"column":46},"end":{"line":300,"column":94}},"99":{"start":{"line":301,"column":51},"end":{"line":301,"column":96}},"100":{"start":{"line":302,"column":47},"end":{"line":302,"column":89}},"101":{"start":{"line":303,"column":42},"end":{"line":303,"column":79}},"102":{"start":{"line":304,"column":40},"end":{"line":304,"column":75}},"103":{"start":{"line":305,"column":45},"end":{"line":305,"column":103}},"104":{"start":{"line":306,"column":43},"end":{"line":306,"column":81}},"105":{"start":{"line":307,"column":50},"end":{"line":307,"column":95
[...]
ll,","                authorizationEndpoint: null,","                scope: null,","                scopePrefix: null,","                scopeDelimiter: null,","                redirectUri: null,","                requiredUrlParams: null,","                defaultUrlParams: null,","                oauthType: '1.0',","                popupOptions: { width: null, height: null }","            };","        }","        ;","        OAuth1.prototype.init = function (options, userData) {","            var _this = this;","            angular.extend(this.defaults, options);","            var name = options.name, popupOptions = options.popupOptions;","            var redirectUri = this.defaults.redirectUri;","            // Should open an empty popup and wait until request token is received","            if (!this.$window['cordova']) {","                this.SatellizerPopup.open('about:blank', name, popupOptions, redirectUri, true);","            }","            return this.getRequestToken().then(function (response) {","                return _this.openPopup(options, response).then(function (popupResponse) {","                    return _this.exchangeForToken(popupResponse, userData);","                });","            });","        };","        OAuth1.prototype.openPopup = function (options, response) {","            var url = [options.authorizationEndpoint, this.buildQueryString(response.data)].join('?');","            var redirectUri = this.defaults.redirectUri;","            if (this.$window['cordova']) {","                return this.SatellizerPopup.open(url, options.name, options.popupOptions, redirectUri);","            }","            else {","                this.SatellizerPopup.popup.location = url;","                return this.SatellizerPopup.polling(redirectUri);","            }","        };","        OAuth1.prototype.getRequestToken = function () {","            var url = this.SatellizerConfig.baseUrl ? joinUrl(this.SatellizerConfig.baseUrl, this.defaults.url) : this.defaults.url;","            return this.$http.post(url, this.defaults);","        };","        OAuth1.prototype.exchangeForToken = function (oauthData, userData) {","            var payload = angular.extend({}, userData, oauthData);","            var exchangeForTokenUrl = this.SatellizerConfig.baseUrl ? joinUrl(this.SatellizerConfig.baseUrl, this.defaults.url) : this.defaults.url;","            return this.$http.post(exchangeForTokenUrl, payload, { withCredentials: this.SatellizerConfig.withCredentials });","        };","        OAuth1.prototype.buildQueryString = function (obj) {","            var str = [];","            angular.forEach(obj, function (value, key) {","                str.push(encodeURIComponent(key) + '=' + encodeURIComponent(value));","            });","            return str.join('&');","        };","        OAuth1.$inject = ['$http', '$window', 'SatellizerConfig', 'SatellizerPopup'];","        return OAuth1;","    }());","","    var OAuth2 = (function () {","        function OAuth2($http, $window, $timeout, $q, SatellizerConfig, SatellizerPopup, SatellizerStorage) {","            this.$http = $http;","            this.$window = $window;","            this.$timeout = $timeout;","            this.$q = $q;","            this.SatellizerConfig = SatellizerConfig;","            this.SatellizerPopup = SatellizerPopup;","            this.SatellizerStorage = SatellizerStorage;","            this.defaults = {","                name: null,","                url: null,","                clientId: null,","                authorizationEndpoint: null,","                redirectUri: null,","                scope: null,","                scopePrefix: null,","                scopeDelimiter: null,","                state: null,","                requiredUrlParams: null,","                defaultUrlParams: ['response_type', 'client_id', 'redirect_uri'],","                responseType: 'code',","                responseParams: {","                    code: 'code',","                    clientId: 'clientId',","                    redirectUri: 'redirectUri'","                },","                oauthType: '2.0',","                popupOptions: { width: null, height: null }","            };","        }","        OAuth2.camelCase = function (name) {","            return name.replace(/([\\:\\-\\_]+(.))/g, function (_, separator, letter, offset) {","                return offset ? letter.toUpperCase() : letter;","            });","        };","        OAuth2.prototype.init = function (options, userData) {","            var _this = this;","            return this.$q(function (resolve, reject) {","                angular.extend(_this.defaults, options);","                var stateName = _this.defaults.name + '_state';","                var _a = _this.defaults, name = _a.name, state = _a.state, popupOptions = _a.popupOptions, redirectUri = _a.redirectUri, responseType = _a.responseType;","                if (typeof state === 'function') {","                    _this.SatellizerStorage.set(stateName, state());","                }","                else if (typeof state === 'string') {","                    _this.SatellizerStorage.set(stateName, state);","                }","                var url = [_this.defaults.authorizationEndpoint, _this.buildQueryString()].join('?');","                _this.SatellizerPopup.open(url, name, popupOptions, redirectUri).then(function (oauth) {","                    if (responseType === 'token' || !url) {","                        return resolve(oauth);","                    }","                    if (oauth.state && oauth.state !== _this.SatellizerStorage.get(stateName)) {","                        return reject(new Error('The value returned in the state parameter does not match the state value from your original ' +","                            'authorization code request.'));","                    }","                    resolve(_this.exchangeForToken(oauth, userData));","                }).catch(function (error) { return reject(error); });","            });","        };","        OAuth2.prototype.exchangeForToken = function (oauthData, userData) {","            var _this = this;","            var payload = angular.extend({}, userData);","            angular.forEach(this.defaults.responseParams, function (value, key) {","                switch (key) {","                    case 'code':","                        payload[value] = oauthData.code;","                        break;","                    case 'clientId':","                        payload[value] = _this.defaults.clientId;","                        break;","                    case 'redirectUri':","                        payload[value] = _this.defaults.redirectUri;","                        break;","                    default:","                        payload[value] = oauthData[key];","                }","            });","            if (oauthData.state) {","                payload.state = oauthData.state;","            }","            var exchangeForTokenUrl = this.SatellizerConfig.baseUrl ?","                joinUrl(this.SatellizerConfig.baseUrl, this.defaults.url) :","                this.defaults.url;","            return this.$http.post(exchangeForTokenUrl, payload, { withCredentials: this.SatellizerConfig.withCredentials });","        };","        OAuth2.prototype.buildQueryString = function () {","            var _this = this;","            var keyValuePairs = [];","            var urlParamsCategories = ['defaultUrlParams', 'requiredUrlParams', 'optionalUrlParams'];","            angular.forEach(urlParamsCategories, function (paramsCategory) {","                angular.forEach(_this.defaults[paramsCategory], function (paramName) {","                    var camelizedName = OAuth2.camelCase(paramName);","                    var paramValue = angular.isFunction(_this.defaults[paramName]) ? _this.defaults[paramName]() : _this.defaults[camelizedName];","                    if (paramName === 'redirect_uri' && !paramValue) {","                        return;","                    }","                    if (paramName === 'state') {","                        var stateName = _this.defaults.name + '_state';","                        paramValue = encodeURIComponent(_this.SatellizerStorage.get(stateName));","                    }","                    if (paramName === 'scope' && Array.isArray(paramValue)) {","                        paramValue = paramValue.join(_this.defaults.scopeDelimiter);","                        if (_this.defaults.scopePrefix) {","                            paramValue = [_this.defaults.scopePrefix, paramValue].join(_this.defaults.scopeDelimiter);","                        }","                    }","                    keyValuePairs.push([paramName, paramValue]);","                });","            });","            return keyValuePairs.map(function (pair) { return pair.join('='); }).join('&');","        };","        OAuth2.$inject = ['$http', '$window', '$timeout', '$q', 'SatellizerConfig', 'SatellizerPopup', 'SatellizerStorage'];","        return OAuth2;","    }());","","    var OAuth = (function () {","        function OAuth($http, $window, $timeout, $q, SatellizerConfig, SatellizerPopup, SatellizerStorage, SatellizerShared, SatellizerOAuth1, SatellizerOAuth2) {","            this.$http = $http;","            this.$window = $window;","            this.$timeout = $timeout;","            this.$q = $q;","            this.SatellizerConfig = SatellizerConfig;","            this.SatellizerPopup = SatellizerPopup;","            this.SatellizerStorage = SatellizerStorage;","            this.SatellizerShared = SatellizerShared;","            this.SatellizerOAuth1 = SatellizerOAuth1;","            this.SatellizerOAuth2 = SatellizerOAuth2;","        }","        OAuth.prototype.authenticate = function (name, userData) {","            var _this = this;","            return this.$q(function (resolve, reject) {","                var provider = _this.SatellizerConfig.providers[name];","                var oauth = null;","                switch (provider.oauthType) {","                    case '1.0':","                        oauth = new OAuth1(_this.$http, _this.$window, _this.SatellizerConfig, _this.SatellizerPopup);","                        break;","                    case '2.0':","                        oauth = new OAuth2(_this.$http, _this.$window, _this.$timeout, _this.$q, _this.SatellizerConfig, _this.SatellizerPopup, _this.SatellizerStorage);","                        break;","                    default:","                        return reject(new Error('Invalid OAuth Type'));","                }","                return oauth.init(provider, userData).then(function (response) {","                    if (provider.url) {","                        _this.SatellizerShared.setToken(response);","                    }","                    resolve(response);","                }).catch(function (error) {","                    reject(error);","                });","            });","        };","        OAuth.prototype.unlink = function (provider, httpOptions) {","            if (httpOptions === void 0) { httpOptions = {}; }","            httpOptions.url = httpOptions.url ? httpOptions.url : joinUrl(this.SatellizerConfig.baseUrl, this.SatellizerConfig.unlinkUrl);","            httpOptions.data = { provider: provider } || httpOptions.data;","            httpOptions.method = httpOptions.method || 'POST';","            httpOptions.withCredentials = httpOptions.withCredentials || this.SatellizerConfig.withCredentials;","            return this.$http(httpOptions);","        };","        OAuth.$inject = [","            '$http',","            '$window',","            '$timeout',","            '$q',","            'SatellizerConfig',","            'SatellizerPopup',","            'SatellizerStorage',","            'SatellizerShared',","            'SatellizerOAuth1',","            'SatellizerOAuth2'","        ];","        return OAuth;","    }());","","    var Storage = (function () {","        function Storage($window, SatellizerConfig) {","            this.$window = $window;","            this.SatellizerConfig = SatellizerConfig;","            this.memoryStore = {};","        }","        Storage.prototype.get = function (key) {","            try {","                return this.$window[this.SatellizerConfig.storageType].getItem(key);","            }","            catch (e) {","                return this.memoryStore[key];","            }","        };","        Storage.prototype.set = function (key, value) {","            try {","                this.$window[this.SatellizerConfig.storageType].setItem(key, value);","            }","            catch (e) {","                this.memoryStore[key] = value;","            }","        };","        Storage.prototype.remove = function (key) {","            try {","                this.$window[this.SatellizerConfig.storageType].removeItem(key);","            }","            catch (e) {","                delete this.memoryStore[key];","            }","        };","        Storage.$inject = ['$window', 'SatellizerConfig'];","        return Storage;","    }());","","    var Interceptor = (function () {","        function Interceptor(SatellizerConfig, SatellizerShared, SatellizerStorage) {","            var _this = this;","            this.SatellizerConfig = SatellizerConfig;","            this.SatellizerShared = SatellizerShared;","            this.SatellizerStorage = SatellizerStorage;","            this.request = function (config) {","                if (config['skipAuthorization']) {","                    return config;","                }","                if (_this.SatellizerShared.isAuthenticated() && _this.SatellizerConfig.httpInterceptor()) {","                    var tokenName = _this.SatellizerConfig.tokenPrefix ?","                        [_this.SatellizerConfig.tokenPrefix, _this.SatellizerConfig.tokenName].join('_') : _this.SatellizerConfig.tokenName;","                    var token = _this.SatellizerStorage.get(tokenName);","                    if (_this.SatellizerConfig.tokenHeader && _this.SatellizerConfig.tokenType) {","                        token = _this.SatellizerConfig.tokenType + ' ' + token;","                    }","                    config.headers[_this.SatellizerConfig.tokenHeader] = token;","                }","                return config;","            };","        }","        Interceptor.Factory = function (SatellizerConfig, SatellizerShared, SatellizerStorage) {","            return new Interceptor(SatellizerConfig, SatellizerShared, SatellizerStorage);","        };","        Interceptor.$inject = ['SatellizerConfig', 'SatellizerShared', 'SatellizerStorage'];","        return Interceptor;","    }());","    Interceptor.Factory.$inject = ['SatellizerConfig', 'SatellizerShared', 'SatellizerStorage'];","","    var HttpProviderConfig = (function () {","        function HttpProviderConfig($httpProvider) {","            this.$httpProvider = $httpProvider;","            $httpProvider.interceptors.push(Interceptor.Factory);","        }","        HttpProviderConfig.$inject = ['$httpProvider'];","        return HttpProviderConfig;","    }());","","    angular.module('satellizer', [])","        .provider('$auth', ['SatellizerConfig', function (SatellizerConfig) { return new AuthProvider(SatellizerConfig); }])","        .constant('SatellizerConfig', Config.getConstant)","        .service('SatellizerShared', Shared)","        .service('SatellizerLocal', Local)","        .service('SatellizerPopup', Popup)","        .service('SatellizerOAuth', OAuth)","        .service('SatellizerOAuth2', OAuth2)","        .service('SatellizerOAuth1', OAuth1)","        .service('SatellizerStorage', Storage)","        .service('SatellizerInterceptor', Interceptor)","        .config(['$httpProvider', function ($httpProvider) { return new HttpProviderConfig($httpProvider); }]);","    var ng1 = 'satellizer';","","    return ng1;","","}));","//# sourceMappingURL=satellizer.js.map",""],"l":{"7":2,"8":2,"13":2,"14":1,"15":0,"16":0,"17":0,"18":0,"19":0,"20":0,"21":0,"22":0,"23":0,"24":0,"25":0,"26":0,"52":0,"152":0,"155":0,"157":2,"159":0,"164":2,"168":2,"169":1,"170":0,"172":2,"173":0,"174":0,"178":2,"179":0,"180":0,"184":2,"185":0,"186":0,"190":2,"191":0,"192":0,"196":2,"197":0,"198":0,"202":2,"203":0,"204":0,"208":2,"209":0,"210":0,"214":2,"215":0,"216":0,"220":2,"221":0,"222":0,"226":2,"227":0,"228":0,"232":2,"233":0,"234":0,"238":2,"239":0,"241":0,"242":0,"245":0,"251":2,"252":0,"254":2,"255":0,"257":2,"258":0,"260":2,"261":0,"263":2,"264":0,"266":2,"267":0,"269":2,"270":0,"272":2,"273":0,"275":2,"276":0,"278":2,"279":0,"281":2,"282":0,"284":2,"285":0,"289":2,"290":0,"294":2,"295":0,"296":0,"297":0,"298":0,"299":0,"300":0,"301":0,"302":0,"303":0,"304":0,"305":0,"306":0,"307":0,"310":2,"311":2,"313":2,"315":1,"316":0,"317":0,"319":0,"320":0,"321":0,"327":0,"329":1,"330":0,"331":0,"335":1,"336":0,"337":0,"338":0,"339":0,"340":0,"341":0,"342":0,"343":0,"346":0,"348":1,"349":0,"350":0,"351":0,"352":0,"357":0,"358":0,"363":0,"364":0,"366":0,"370":0,"371":0,"374":0,"378":0,"382":0,"383":0,"385":0,"386":0,"390":0,"392":0,"393":0,"398":2,"399":1,"400":0,"401":0,"402":0,"403":0,"404":0,"405":0,"407":2,"408":0,"410":2,"411":0,"412":0,"413":0,"414":0,"415":0,"416":0,"422":2,"423":0,"424":0,"425":0,"426":0,"427":0,"428":0,"429":0,"431":0,"432":0,"435":0,"436":0,"437":0,"439":0,"440":0,"443":2,"444":0,"446":2,"447":0,"448":0,"449":0,"450":0,"451":0,"452":0,"453":0,"454":0,"455":0,"459":0,"462":0,"464":0,"466":2,"467":0,"468":0,"470":2,"471":0,"473":2,"474":2,"477":2,"478":1,"479":0,"480":0,"481":0,"483":2,"484":0,"485":0,"486":0,"487":0,"488":0,"489":0,"490":0,"491":0,"492":0,"495":2,"496":0,"497":0,"498":0,"499":0,"500":0,"501":0,"503":2,"504":2,"507":2,"508":1,"509":0,"510":0,"511":0,"512":0,"513":0,"517":2,"518":0,"519":0,"520":0,"522":0,"524":2,"525":0,"526":0,"527":0,"533":0,"534":0,"535":0,"536":0,"538":0,"539":0,"541":0,"542":0,"545":0,"546":0,"548":0,"551":2,"552":0,"553":0,"554":0,"555":0,"556":0,"557":0,"558":0,"559":0,"560":0,"562":0,"563":0,"564":0,"565":0,"566":0,"567":0,"568":0,"569":0,"570":0,"573":0,"577":0,"581":0,"582":0,"590":2,"591":0,"592":0,"593":0,"594":0,"595":0,"597":0,"598":0,"599":0,"600":0,"601":0,"602":0,"603":0,"604":0,"607":0,"609":0,"612":0,"613":0,"615":0,"616":0,"620":2,"621":2,"624":2,"625":1,"626":0,"627":0,"628":0,"629":0,"630":0,"645":2,"646":0,"647":0,"648":0,"649":0,"651":0,"652":0,"654":0,"655":0,"656":0,"660":2,"661":0,"662":0,"663":0,"664":0,"667":0,"668":0,"671":2,"672":0,"673":0,"675":2,"676":0,"677":0,"678":0,"680":2,"681":0,"682":0,"683":0,"685":0,"687":2,"688":2,"691":2,"692":1,"693":0,"694":0,"695":0,"696":0,"697":0,"698":0,"699":0,"700":0,"722":2,"723":0,"724":0,"727":2,"728":0,"729":0,"730":0,"731":0,"732":0,"733":0,"734":0,"736":0,"737":0,"739":0,"740":0,"741":0,"742":0,"744":0,"745":0,"748":0,"749":0,"752":2,"753":0,"754":0,"755":0,"756":0,"758":0,"759":0,"761":0,"762":0,"764":0,"765":0,"767":0,"770":0,"771":0,"773":0,"776":0,"778":2,"779":0,"780":0,"781":0,"782":0,"783":0,"784":0,"785":0,"786":0,"787":0,"789":0,"790":0,"791":0,"793":0,"794":0,"795":0,"796":0,"799":0,"802":0,"804":2,"805":2,"808":2,"809":1,"810":0,"811":0,"812":0,"813":0,"814":0,"815":0,"816":0,"817":0,"818":0,"819":0,"821":2,"822":0,"823":0,"824":0,"825":0,"826":0,"828":0,"829":0,"831":0,"832":0,"834":0,"836":0,"837":0,"838":0,"840":0,"842":0,"846":2,"847":0,"848":0,"849":0,"850":0,"851":0,"852":0,"854":2,"866":2,"869":2,"870":1,"871":0,"872":0,"873":0,"875":2,"876":0,"877":0,"880":0,"883":2,"884":0,"885":0,"888":0,"891":2,"892":0,"893":0,"896":0,"899":2,"900":2,"903":2,"904":1,"905":0,"906":0,"907":0,"908":0,"909":0,"910":0,"911":0,"913":0,"914":0,"916":0,"917":0,"918":0,"920":0,"922":0,"925":2,"926":0,"928":2,"929":2,"931":2,"933":2,"934":1,"935":0,"936":0,"938":2,"939":2,"942":2,"943":0,"953":0,"954":0,"956":0}}}